{"/Users/nforleo/capstone/TrackGuessr/server/server.ts": {"path":"/Users/nforleo/capstone/TrackGuessr/server/server.ts","statementMap":{"0":{"start":{"line":6,"column":13},"end":{"line":6,"column":17}},"1":{"start":{"line":8,"column":0},"end":{"line":8,"column":16}},"2":{"start":{"line":11,"column":33},"end":{"line":11,"column":62}},"3":{"start":{"line":12,"column":37},"end":{"line":12,"column":70}},"4":{"start":{"line":14,"column":0},"end":{"line":16,"column":1}},"5":{"start":{"line":15,"column":2},"end":{"line":15,"column":56}},"6":{"start":{"line":19,"column":12},"end":{"line":19,"column":21}},"7":{"start":{"line":20,"column":0},"end":{"line":20,"column":29}},"8":{"start":{"line":21,"column":0},"end":{"line":21,"column":28}},"9":{"start":{"line":27,"column":0},"end":{"line":31,"column":1}},"10":{"start":{"line":28,"column":2},"end":{"line":30,"column":5}},"11":{"start":{"line":29,"column":4},"end":{"line":29,"column":56}}},"fnMap":{"0":{"name":"(anonymous_0)","decl":{"start":{"line":28,"column":19},"end":{"line":28,"column":20}},"loc":{"start":{"line":28,"column":25},"end":{"line":30,"column":3}},"line":28}},"branchMap":{"0":{"loc":{"start":{"line":14,"column":0},"end":{"line":16,"column":1}},"type":"if","locations":[{"start":{"line":14,"column":0},"end":{"line":16,"column":1}},{"start":{},"end":{}}],"line":14},"1":{"loc":{"start":{"line":14,"column":4},"end":{"line":14,"column":48}},"type":"binary-expr","locations":[{"start":{"line":14,"column":4},"end":{"line":14,"column":22}},{"start":{"line":14,"column":26},"end":{"line":14,"column":48}}],"line":14},"2":{"loc":{"start":{"line":27,"column":0},"end":{"line":31,"column":1}},"type":"if","locations":[{"start":{"line":27,"column":0},"end":{"line":31,"column":1}},{"start":{},"end":{}}],"line":27}},"s":{"0":2,"1":2,"2":2,"3":2,"4":2,"5":0,"6":2,"7":2,"8":2,"9":2,"10":0,"11":0},"f":{"0":0},"b":{"0":[0,2],"1":[2,2],"2":[0,2]},"_coverageSchema":"1a1c01bbd47fc00a2c39e90264f33305004495a9","hash":"ece9e6eb7dab510d75ccfc7cb2f103406bbe5204"}
,"/Users/nforleo/capstone/TrackGuessr/server/caches/daily.ts": {"path":"/Users/nforleo/capstone/TrackGuessr/server/caches/daily.ts","statementMap":{"0":{"start":{"line":5,"column":14},"end":{"line":5,"column":50}},"1":{"start":{"line":11,"column":29},"end":{"line":31,"column":1}},"2":{"start":{"line":12,"column":2},"end":{"line":16,"column":3}},"3":{"start":{"line":14,"column":4},"end":{"line":14,"column":39}},"4":{"start":{"line":15,"column":4},"end":{"line":15,"column":20}},"5":{"start":{"line":19,"column":26},"end":{"line":19,"column":28}},"6":{"start":{"line":21,"column":15},"end":{"line":21,"column":27}},"7":{"start":{"line":23,"column":2},"end":{"line":28,"column":5}},"8":{"start":{"line":24,"column":18},"end":{"line":24,"column":41}},"9":{"start":{"line":25,"column":4},"end":{"line":27,"column":5}},"10":{"start":{"line":26,"column":6},"end":{"line":26,"column":25}},"11":{"start":{"line":30,"column":2},"end":{"line":30,"column":16}},"12":{"start":{"line":36,"column":23},"end":{"line":49,"column":1}},"13":{"start":{"line":37,"column":2},"end":{"line":37,"column":40}},"14":{"start":{"line":38,"column":19},"end":{"line":38,"column":40}},"15":{"start":{"line":40,"column":17},"end":{"line":40,"column":37}},"16":{"start":{"line":42,"column":2},"end":{"line":44,"column":5}},"17":{"start":{"line":43,"column":4},"end":{"line":43,"column":24}},"18":{"start":{"line":46,"column":2},"end":{"line":48,"column":4}},"19":{"start":{"line":55,"column":28},"end":{"line":57,"column":1}},"20":{"start":{"line":56,"column":2},"end":{"line":56,"column":31}}},"fnMap":{"0":{"name":"(anonymous_0)","decl":{"start":{"line":11,"column":29},"end":{"line":11,"column":30}},"loc":{"start":{"line":11,"column":41},"end":{"line":31,"column":1}},"line":11},"1":{"name":"(anonymous_1)","decl":{"start":{"line":23,"column":15},"end":{"line":23,"column":16}},"loc":{"start":{"line":23,"column":24},"end":{"line":28,"column":3}},"line":23},"2":{"name":"(anonymous_2)","decl":{"start":{"line":36,"column":23},"end":{"line":36,"column":24}},"loc":{"start":{"line":36,"column":35},"end":{"line":49,"column":1}},"line":36},"3":{"name":"(anonymous_3)","decl":{"start":{"line":42,"column":17},"end":{"line":42,"column":18}},"loc":{"start":{"line":42,"column":31},"end":{"line":44,"column":3}},"line":42},"4":{"name":"(anonymous_4)","decl":{"start":{"line":55,"column":28},"end":{"line":55,"column":29}},"loc":{"start":{"line":55,"column":34},"end":{"line":57,"column":1}},"line":55}},"branchMap":{"0":{"loc":{"start":{"line":12,"column":2},"end":{"line":16,"column":3}},"type":"if","locations":[{"start":{"line":12,"column":2},"end":{"line":16,"column":3}},{"start":{},"end":{}}],"line":12},"1":{"loc":{"start":{"line":25,"column":4},"end":{"line":27,"column":5}},"type":"if","locations":[{"start":{"line":25,"column":4},"end":{"line":27,"column":5}},{"start":{},"end":{}}],"line":25}},"s":{"0":2,"1":2,"2":1,"3":1,"4":1,"5":1,"6":1,"7":1,"8":11,"9":11,"10":11,"11":1,"12":2,"13":1,"14":1,"15":1,"16":1,"17":11,"18":1,"19":2,"20":2},"f":{"0":1,"1":11,"2":1,"3":11,"4":2},"b":{"0":[1,0],"1":[11,0]},"_coverageSchema":"1a1c01bbd47fc00a2c39e90264f33305004495a9","hash":"bd2798227129704e277219fc62390024ee62caf4"}
,"/Users/nforleo/capstone/TrackGuessr/server/routers/authRouter.ts": {"path":"/Users/nforleo/capstone/TrackGuessr/server/routers/authRouter.ts","statementMap":{"0":{"start":{"line":4,"column":15},"end":{"line":4,"column":31}},"1":{"start":{"line":6,"column":0},"end":{"line":6,"column":49}},"2":{"start":{"line":7,"column":0},"end":{"line":7,"column":55}},"3":{"start":{"line":8,"column":0},"end":{"line":8,"column":48}},"4":{"start":{"line":9,"column":0},"end":{"line":9,"column":52}}},"fnMap":{},"branchMap":{},"s":{"0":2,"1":2,"2":2,"3":2,"4":2},"f":{},"b":{},"_coverageSchema":"1a1c01bbd47fc00a2c39e90264f33305004495a9","hash":"c1c0ed20aae212ea2ca82f7e6906f773e9f5ece5"}
,"/Users/nforleo/capstone/TrackGuessr/server/routers/gameRouter.ts": {"path":"/Users/nforleo/capstone/TrackGuessr/server/routers/gameRouter.ts","statementMap":{"0":{"start":{"line":4,"column":15},"end":{"line":4,"column":31}},"1":{"start":{"line":6,"column":0},"end":{"line":6,"column":58}},"2":{"start":{"line":7,"column":0},"end":{"line":7,"column":55}}},"fnMap":{},"branchMap":{},"s":{"0":2,"1":2,"2":2},"f":{},"b":{},"_coverageSchema":"1a1c01bbd47fc00a2c39e90264f33305004495a9","hash":"e23ab50ec08508cb756de607abe5d1a8b61bd3a1"}
,"/Users/nforleo/capstone/TrackGuessr/server/services/auth.services.ts": {"path":"/Users/nforleo/capstone/TrackGuessr/server/services/auth.services.ts","statementMap":{"0":{"start":{"line":7,"column":21},"end":{"line":7,"column":58}},"1":{"start":{"line":15,"column":29},"end":{"line":24,"column":1}},"2":{"start":{"line":16,"column":13},"end":{"line":16,"column":15}},"3":{"start":{"line":18,"column":4},"end":{"line":18,"column":68}},"4":{"start":{"line":20,"column":2},"end":{"line":22,"column":3}},"5":{"start":{"line":20,"column":15},"end":{"line":20,"column":16}},"6":{"start":{"line":21,"column":4},"end":{"line":21,"column":73}},"7":{"start":{"line":23,"column":2},"end":{"line":23,"column":14}},"8":{"start":{"line":30,"column":21},"end":{"line":50,"column":1}},"9":{"start":{"line":31,"column":2},"end":{"line":33,"column":3}},"10":{"start":{"line":32,"column":4},"end":{"line":32,"column":49}},"11":{"start":{"line":34,"column":16},"end":{"line":34,"column":61}},"12":{"start":{"line":35,"column":16},"end":{"line":35,"column":40}},"13":{"start":{"line":37,"column":32},"end":{"line":44,"column":4}},"14":{"start":{"line":46,"column":2},"end":{"line":49,"column":4}},"15":{"start":{"line":60,"column":24},"end":{"line":83,"column":1}},"16":{"start":{"line":63,"column":2},"end":{"line":65,"column":3}},"17":{"start":{"line":64,"column":4},"end":{"line":64,"column":11}},"18":{"start":{"line":67,"column":15},"end":{"line":71,"column":5}},"19":{"start":{"line":73,"column":17},"end":{"line":78,"column":4}},"20":{"start":{"line":80,"column":2},"end":{"line":80,"column":21}},"21":{"start":{"line":82,"column":2},"end":{"line":82,"column":9}},"22":{"start":{"line":89,"column":21},"end":{"line":91,"column":1}},"23":{"start":{"line":90,"column":2},"end":{"line":90,"column":21}},"24":{"start":{"line":93,"column":22},"end":{"line":96,"column":1}},"25":{"start":{"line":94,"column":2},"end":{"line":94,"column":34}},"26":{"start":{"line":95,"column":2},"end":{"line":95,"column":9}}},"fnMap":{"0":{"name":"(anonymous_0)","decl":{"start":{"line":15,"column":29},"end":{"line":15,"column":30}},"loc":{"start":{"line":15,"column":55},"end":{"line":24,"column":1}},"line":15},"1":{"name":"(anonymous_1)","decl":{"start":{"line":30,"column":21},"end":{"line":30,"column":22}},"loc":{"start":{"line":30,"column":35},"end":{"line":50,"column":1}},"line":30},"2":{"name":"(anonymous_2)","decl":{"start":{"line":60,"column":24},"end":{"line":60,"column":25}},"loc":{"start":{"line":62,"column":46},"end":{"line":83,"column":1}},"line":62},"3":{"name":"(anonymous_3)","decl":{"start":{"line":89,"column":21},"end":{"line":89,"column":22}},"loc":{"start":{"line":89,"column":40},"end":{"line":91,"column":1}},"line":89},"4":{"name":"(anonymous_4)","decl":{"start":{"line":93,"column":22},"end":{"line":93,"column":23}},"loc":{"start":{"line":93,"column":34},"end":{"line":96,"column":1}},"line":93}},"branchMap":{"0":{"loc":{"start":{"line":31,"column":2},"end":{"line":33,"column":3}},"type":"if","locations":[{"start":{"line":31,"column":2},"end":{"line":33,"column":3}},{"start":{},"end":{}}],"line":31},"1":{"loc":{"start":{"line":63,"column":2},"end":{"line":65,"column":3}},"type":"if","locations":[{"start":{"line":63,"column":2},"end":{"line":65,"column":3}},{"start":{},"end":{}}],"line":63}},"s":{"0":2,"1":2,"2":1,"3":1,"4":1,"5":1,"6":16,"7":1,"8":2,"9":1,"10":0,"11":1,"12":1,"13":1,"14":1,"15":2,"16":1,"17":0,"18":1,"19":1,"20":1,"21":1,"22":2,"23":1,"24":2,"25":0,"26":0},"f":{"0":1,"1":1,"2":1,"3":1,"4":0},"b":{"0":[0,1],"1":[0,1]},"_coverageSchema":"1a1c01bbd47fc00a2c39e90264f33305004495a9","hash":"9c8a3e62234ec3c71924b10b1a98ee064b1a3bf5"}
,"/Users/nforleo/capstone/TrackGuessr/server/services/game.service.ts": {"path":"/Users/nforleo/capstone/TrackGuessr/server/services/game.service.ts","statementMap":{"0":{"start":{"line":6,"column":30},"end":{"line":6,"column":54}},"1":{"start":{"line":13,"column":39},"end":{"line":28,"column":1}},"2":{"start":{"line":16,"column":2},"end":{"line":27,"column":9}},"3":{"start":{"line":17,"column":4},"end":{"line":24,"column":7}},"4":{"start":{"line":26,"column":4},"end":{"line":26,"column":21}},"5":{"start":{"line":38,"column":35},"end":{"line":82,"column":1}},"6":{"start":{"line":42,"column":2},"end":{"line":45,"column":3}},"7":{"start":{"line":44,"column":4},"end":{"line":44,"column":11}},"8":{"start":{"line":48,"column":2},"end":{"line":48,"column":12}},"9":{"start":{"line":51,"column":22},"end":{"line":51,"column":50}},"10":{"start":{"line":54,"column":45},"end":{"line":54,"column":47}},"11":{"start":{"line":56,"column":2},"end":{"line":78,"column":3}},"12":{"start":{"line":60,"column":4},"end":{"line":62,"column":5}},"13":{"start":{"line":60,"column":17},"end":{"line":60,"column":18}},"14":{"start":{"line":61,"column":6},"end":{"line":61,"column":58}},"15":{"start":{"line":67,"column":20},"end":{"line":67,"column":29}},"16":{"start":{"line":69,"column":4},"end":{"line":77,"column":5}},"17":{"start":{"line":71,"column":26},"end":{"line":71,"column":55}},"18":{"start":{"line":73,"column":6},"end":{"line":76,"column":7}},"19":{"start":{"line":74,"column":8},"end":{"line":74,"column":70}},"20":{"start":{"line":75,"column":8},"end":{"line":75,"column":33}},"21":{"start":{"line":81,"column":2},"end":{"line":81,"column":49}},"22":{"start":{"line":87,"column":26},"end":{"line":109,"column":1}},"23":{"start":{"line":88,"column":2},"end":{"line":88,"column":33}},"24":{"start":{"line":89,"column":22},"end":{"line":89,"column":29}},"25":{"start":{"line":91,"column":2},"end":{"line":93,"column":3}},"26":{"start":{"line":92,"column":4},"end":{"line":92,"column":53}},"27":{"start":{"line":94,"column":2},"end":{"line":94,"column":59}},"28":{"start":{"line":95,"column":19},"end":{"line":106,"column":3}},"29":{"start":{"line":108,"column":2},"end":{"line":108,"column":56}},"30":{"start":{"line":111,"column":30},"end":{"line":113,"column":1}},"31":{"start":{"line":112,"column":2},"end":{"line":112,"column":36}},"32":{"start":{"line":115,"column":24},"end":{"line":138,"column":1}},"33":{"start":{"line":116,"column":2},"end":{"line":118,"column":3}},"34":{"start":{"line":117,"column":4},"end":{"line":117,"column":39}},"35":{"start":{"line":120,"column":22},"end":{"line":120,"column":29}},"36":{"start":{"line":122,"column":2},"end":{"line":124,"column":3}},"37":{"start":{"line":123,"column":4},"end":{"line":123,"column":53}},"38":{"start":{"line":126,"column":2},"end":{"line":137,"column":4}}},"fnMap":{"0":{"name":"(anonymous_0)","decl":{"start":{"line":13,"column":39},"end":{"line":13,"column":40}},"loc":{"start":{"line":15,"column":14},"end":{"line":28,"column":1}},"line":15},"1":{"name":"(anonymous_1)","decl":{"start":{"line":16,"column":23},"end":{"line":16,"column":24}},"loc":{"start":{"line":16,"column":72},"end":{"line":27,"column":3}},"line":16},"2":{"name":"(anonymous_2)","decl":{"start":{"line":38,"column":35},"end":{"line":38,"column":36}},"loc":{"start":{"line":41,"column":14},"end":{"line":82,"column":1}},"line":41},"3":{"name":"(anonymous_3)","decl":{"start":{"line":87,"column":26},"end":{"line":87,"column":27}},"loc":{"start":{"line":87,"column":65},"end":{"line":109,"column":1}},"line":87},"4":{"name":"(anonymous_4)","decl":{"start":{"line":111,"column":30},"end":{"line":111,"column":31}},"loc":{"start":{"line":111,"column":60},"end":{"line":113,"column":1}},"line":111},"5":{"name":"(anonymous_5)","decl":{"start":{"line":115,"column":24},"end":{"line":115,"column":25}},"loc":{"start":{"line":115,"column":62},"end":{"line":138,"column":1}},"line":115}},"branchMap":{"0":{"loc":{"start":{"line":20,"column":21},"end":{"line":20,"column":71}},"type":"binary-expr","locations":[{"start":{"line":20,"column":21},"end":{"line":20,"column":63}},{"start":{"line":20,"column":67},"end":{"line":20,"column":71}}],"line":20},"1":{"loc":{"start":{"line":42,"column":2},"end":{"line":45,"column":3}},"type":"if","locations":[{"start":{"line":42,"column":2},"end":{"line":45,"column":3}},{"start":{},"end":{}}],"line":42},"2":{"loc":{"start":{"line":56,"column":2},"end":{"line":78,"column":3}},"type":"if","locations":[{"start":{"line":56,"column":2},"end":{"line":78,"column":3}},{"start":{"line":63,"column":9},"end":{"line":78,"column":3}}],"line":56},"3":{"loc":{"start":{"line":73,"column":6},"end":{"line":76,"column":7}},"type":"if","locations":[{"start":{"line":73,"column":6},"end":{"line":76,"column":7}},{"start":{},"end":{}}],"line":73},"4":{"loc":{"start":{"line":91,"column":2},"end":{"line":93,"column":3}},"type":"if","locations":[{"start":{"line":91,"column":2},"end":{"line":93,"column":3}},{"start":{},"end":{}}],"line":91},"5":{"loc":{"start":{"line":116,"column":2},"end":{"line":118,"column":3}},"type":"if","locations":[{"start":{"line":116,"column":2},"end":{"line":118,"column":3}},{"start":{},"end":{}}],"line":116},"6":{"loc":{"start":{"line":122,"column":2},"end":{"line":124,"column":3}},"type":"if","locations":[{"start":{"line":122,"column":2},"end":{"line":124,"column":3}},{"start":{},"end":{}}],"line":122}},"s":{"0":2,"1":2,"2":2,"3":2,"4":2,"5":2,"6":1,"7":0,"8":1,"9":1,"10":1,"11":1,"12":0,"13":0,"14":0,"15":1,"16":1,"17":1,"18":1,"19":1,"20":1,"21":1,"22":2,"23":1,"24":1,"25":1,"26":0,"27":1,"28":1,"29":1,"30":2,"31":1,"32":2,"33":2,"34":1,"35":1,"36":1,"37":0,"38":1},"f":{"0":2,"1":2,"2":1,"3":1,"4":1,"5":2},"b":{"0":[2,0],"1":[0,1],"2":[0,1],"3":[1,0],"4":[0,1],"5":[1,1],"6":[0,1]},"_coverageSchema":"1a1c01bbd47fc00a2c39e90264f33305004495a9","hash":"5f50f15342e4a6cef4b7e62a94c75b3f63592811"}
}
