{"C:\\Users\\nforl\\OneDrive\\Desktop\\trckgssr\\server\\services\\database.service.ts": {"path":"C:\\Users\\nforl\\OneDrive\\Desktop\\trckgssr\\server\\services\\database.service.ts","statementMap":{"0":{"start":{"line":10,"column":27},"end":{"line":28,"column":1}},"1":{"start":{"line":15,"column":20},"end":{"line":15,"column":48}},"2":{"start":{"line":16,"column":4},"end":{"line":27,"column":5}},"3":{"start":{"line":18,"column":36},"end":{"line":22,"column":9}},"4":{"start":{"line":23,"column":8},"end":{"line":23,"column":42}},"5":{"start":{"line":26,"column":8},"end":{"line":26,"column":45}},"6":{"start":{"line":30,"column":31},"end":{"line":39,"column":1}},"7":{"start":{"line":31,"column":19},"end":{"line":31,"column":65}},"8":{"start":{"line":32,"column":4},"end":{"line":38,"column":5}},"9":{"start":{"line":33,"column":23},"end":{"line":33,"column":47}},"10":{"start":{"line":35,"column":8},"end":{"line":35,"column":49}},"11":{"start":{"line":37,"column":8},"end":{"line":37,"column":56}},"12":{"start":{"line":41,"column":32},"end":{"line":49,"column":1}},"13":{"start":{"line":42,"column":19},"end":{"line":42,"column":157}},"14":{"start":{"line":43,"column":5},"end":{"line":48,"column":5}},"15":{"start":{"line":44,"column":8},"end":{"line":44,"column":33}},"16":{"start":{"line":46,"column":8},"end":{"line":46,"column":25}},"17":{"start":{"line":47,"column":8},"end":{"line":47,"column":57}},"18":{"start":{"line":51,"column":32},"end":{"line":58,"column":1}},"19":{"start":{"line":52,"column":19},"end":{"line":52,"column":156}},"20":{"start":{"line":53,"column":4},"end":{"line":57,"column":5}},"21":{"start":{"line":54,"column":8},"end":{"line":54,"column":33}},"22":{"start":{"line":56,"column":8},"end":{"line":56,"column":51}},"23":{"start":{"line":60,"column":32},"end":{"line":67,"column":1}},"24":{"start":{"line":61,"column":24},"end":{"line":61,"column":67}},"25":{"start":{"line":62,"column":4},"end":{"line":66,"column":5}},"26":{"start":{"line":63,"column":8},"end":{"line":63,"column":38}},"27":{"start":{"line":65,"column":8},"end":{"line":65,"column":51}},"28":{"start":{"line":69,"column":28},"end":{"line":77,"column":1}},"29":{"start":{"line":70,"column":18},"end":{"line":70,"column":46}},"30":{"start":{"line":72,"column":4},"end":{"line":76,"column":6}}},"fnMap":{"0":{"name":"(anonymous_0)","decl":{"start":{"line":10,"column":27},"end":{"line":10,"column":28}},"loc":{"start":{"line":13,"column":34},"end":{"line":28,"column":1}},"line":13},"1":{"name":"(anonymous_1)","decl":{"start":{"line":30,"column":31},"end":{"line":30,"column":32}},"loc":{"start":{"line":30,"column":82},"end":{"line":39,"column":1}},"line":30},"2":{"name":"(anonymous_2)","decl":{"start":{"line":41,"column":32},"end":{"line":41,"column":33}},"loc":{"start":{"line":41,"column":90},"end":{"line":49,"column":1}},"line":41},"3":{"name":"(anonymous_3)","decl":{"start":{"line":51,"column":32},"end":{"line":51,"column":33}},"loc":{"start":{"line":51,"column":90},"end":{"line":58,"column":1}},"line":51},"4":{"name":"(anonymous_4)","decl":{"start":{"line":60,"column":32},"end":{"line":60,"column":33}},"loc":{"start":{"line":60,"column":72},"end":{"line":67,"column":1}},"line":60},"5":{"name":"(anonymous_5)","decl":{"start":{"line":69,"column":28},"end":{"line":69,"column":29}},"loc":{"start":{"line":69,"column":73},"end":{"line":77,"column":1}},"line":69}},"branchMap":{"0":{"loc":{"start":{"line":16,"column":4},"end":{"line":27,"column":5}},"type":"if","locations":[{"start":{"line":16,"column":4},"end":{"line":27,"column":5}},{"start":{"line":24,"column":11},"end":{"line":27,"column":5}}],"line":16}},"s":{"0":1,"1":3,"2":3,"3":1,"4":1,"5":2,"6":1,"7":5,"8":5,"9":5,"10":5,"11":0,"12":1,"13":2,"14":2,"15":2,"16":0,"17":0,"18":1,"19":1,"20":1,"21":1,"22":0,"23":1,"24":2,"25":2,"26":2,"27":0,"28":1,"29":2,"30":2},"f":{"0":3,"1":5,"2":2,"3":1,"4":2,"5":2},"b":{"0":[1,2]},"_coverageSchema":"1a1c01bbd47fc00a2c39e90264f33305004495a9","hash":"9cd950e8f2a1a32df5a3f8215ebfdf58fb385cc8"}
,"C:\\Users\\nforl\\OneDrive\\Desktop\\trckgssr\\server\\utils\\database.ts": {"path":"C:\\Users\\nforl\\OneDrive\\Desktop\\trckgssr\\server\\utils\\database.ts","statementMap":{"0":{"start":{"line":4,"column":0},"end":{"line":4,"column":16}},"1":{"start":{"line":6,"column":13},"end":{"line":6,"column":32}},"2":{"start":{"line":7,"column":17},"end":{"line":7,"column":36}},"3":{"start":{"line":9,"column":0},"end":{"line":9,"column":35}},"4":{"start":{"line":11,"column":13},"end":{"line":17,"column":2}}},"fnMap":{},"branchMap":{},"s":{"0":1,"1":1,"2":1,"3":1,"4":1},"f":{},"b":{},"_coverageSchema":"1a1c01bbd47fc00a2c39e90264f33305004495a9","hash":"c9c2a7254b33f9d70f2bcc074e5fc569ca5fe13c"}
}
