TN:
SF:server.ts
FN:30,(anonymous_0)
FNF:1
FNH:0
FNDA:0,(anonymous_0)
DA:7,2
DA:9,2
DA:12,2
DA:13,2
DA:15,2
DA:16,0
DA:20,2
DA:21,2
DA:22,2
DA:23,2
DA:29,2
DA:30,0
DA:31,0
LF:13
LH:10
BRDA:15,0,0,0
BRDA:15,0,1,2
BRDA:15,1,0,2
BRDA:15,1,1,2
BRDA:29,2,0,0
BRDA:29,2,1,2
BRF:6
BRH:4
end_of_record
TN:
SF:caches\daily.ts
FN:11,(anonymous_0)
FN:23,(anonymous_1)
FN:36,(anonymous_2)
FN:42,(anonymous_3)
FN:55,(anonymous_4)
FNF:5
FNH:5
FNDA:1,(anonymous_0)
FNDA:11,(anonymous_1)
FNDA:1,(anonymous_2)
FNDA:11,(anonymous_3)
FNDA:2,(anonymous_4)
DA:5,2
DA:11,2
DA:12,1
DA:14,1
DA:15,1
DA:19,1
DA:21,1
DA:23,1
DA:24,11
DA:25,11
DA:26,11
DA:30,1
DA:36,2
DA:37,1
DA:38,1
DA:40,1
DA:42,1
DA:43,11
DA:46,1
DA:55,2
DA:56,2
LF:21
LH:21
BRDA:12,0,0,1
BRDA:12,0,1,0
BRDA:25,1,0,11
BRDA:25,1,1,0
BRF:4
BRH:2
end_of_record
TN:
SF:routers\authRouter.ts
FNF:0
FNH:0
DA:4,2
DA:6,2
DA:7,2
DA:8,2
DA:9,2
DA:10,2
LF:6
LH:6
BRF:0
BRH:0
end_of_record
TN:
SF:routers\databaseRouter.ts
FNF:0
FNH:0
DA:4,2
DA:6,2
DA:7,2
LF:3
LH:3
BRF:0
BRH:0
end_of_record
TN:
SF:routers\gameRouter.ts
FNF:0
FNH:0
DA:4,2
DA:6,2
DA:7,2
DA:8,2
LF:4
LH:4
BRF:0
BRH:0
end_of_record
TN:
SF:services\auth.services.ts
FN:16,(anonymous_0)
FN:31,(anonymous_1)
FN:61,(anonymous_2)
FN:90,(anonymous_3)
FN:94,(anonymous_4)
FN:99,(anonymous_5)
FNF:6
FNH:4
FNDA:1,(anonymous_0)
FNDA:1,(anonymous_1)
FNDA:1,(anonymous_2)
FNDA:1,(anonymous_3)
FNDA:0,(anonymous_4)
FNDA:0,(anonymous_5)
DA:8,2
DA:16,2
DA:17,1
DA:19,1
DA:21,1
DA:22,16
DA:24,1
DA:31,2
DA:32,1
DA:33,0
DA:35,1
DA:36,1
DA:38,1
DA:47,1
DA:61,2
DA:64,1
DA:65,0
DA:68,1
DA:74,1
DA:81,1
DA:83,1
DA:90,2
DA:91,1
DA:94,2
DA:95,0
DA:96,0
DA:99,2
DA:100,0
DA:101,0
DA:104,0
DA:110,0
LF:31
LH:23
BRDA:32,0,0,0
BRDA:32,0,1,1
BRDA:64,1,0,0
BRDA:64,1,1,1
BRDA:100,2,0,0
BRDA:100,2,1,0
BRF:6
BRH:2
end_of_record
TN:
SF:services\database.service.ts
FN:10,(anonymous_0)
FN:30,(anonymous_1)
FN:41,(anonymous_2)
FN:51,(anonymous_3)
FN:61,(anonymous_4)
FN:70,(anonymous_5)
FNF:6
FNH:6
FNDA:9,(anonymous_0)
FNDA:15,(anonymous_1)
FNDA:6,(anonymous_2)
FNDA:3,(anonymous_3)
FNDA:6,(anonymous_4)
FNDA:6,(anonymous_5)
DA:10,5
DA:15,9
DA:16,9
DA:18,3
DA:23,3
DA:26,6
DA:30,5
DA:31,15
DA:32,15
DA:33,15
DA:35,15
DA:37,0
DA:41,5
DA:42,6
DA:43,6
DA:44,6
DA:46,0
DA:47,0
DA:51,5
DA:52,3
DA:53,3
DA:54,3
DA:55,3
DA:57,0
DA:61,5
DA:62,6
DA:63,6
DA:64,6
DA:66,0
DA:70,5
DA:71,6
DA:73,6
LF:32
LH:27
BRDA:16,0,0,3
BRDA:16,0,1,6
BRF:2
BRH:2
end_of_record
TN:
SF:services\game.service.ts
FN:13,(anonymous_0)
FN:16,(anonymous_1)
FN:38,(anonymous_2)
FN:87,(anonymous_3)
FN:131,(anonymous_4)
FN:135,(anonymous_5)
FNF:6
FNH:6
FNDA:2,(anonymous_0)
FNDA:12,(anonymous_1)
FNDA:1,(anonymous_2)
FNDA:1,(anonymous_3)
FNDA:1,(anonymous_4)
FNDA:2,(anonymous_5)
DA:6,2
DA:13,2
DA:16,2
DA:17,12
DA:26,12
DA:38,2
DA:42,1
DA:44,0
DA:48,1
DA:51,1
DA:54,1
DA:56,1
DA:60,0
DA:61,0
DA:67,1
DA:69,1
DA:71,58
DA:73,58
DA:74,11
DA:75,11
DA:81,1
DA:87,2
DA:88,1
DA:89,1
DA:91,1
DA:92,0
DA:94,1
DA:95,1
DA:108,1
DA:111,1
DA:112,0
DA:120,0
DA:123,1
DA:124,1
DA:131,2
DA:132,1
DA:135,2
DA:136,2
DA:137,1
DA:140,1
DA:142,1
DA:143,0
DA:146,1
LF:43
LH:36
BRDA:20,0,0,12
BRDA:20,0,1,0
BRDA:42,1,0,0
BRDA:42,1,1,1
BRDA:56,2,0,0
BRDA:56,2,1,1
BRDA:73,3,0,11
BRDA:73,3,1,47
BRDA:91,4,0,0
BRDA:91,4,1,1
BRDA:136,5,0,1
BRDA:136,5,1,1
BRDA:142,6,0,0
BRDA:142,6,1,1
BRF:14
BRH:9
end_of_record
TN:
SF:utils\database.ts
FNF:0
FNH:0
DA:4,5
DA:6,5
DA:7,5
DA:9,5
DA:11,5
LF:5
LH:5
BRF:0
BRH:0
end_of_record
