TN:
SF:server.ts
FN:28,(anonymous_0)
FNF:1
FNH:0
FNDA:0,(anonymous_0)
DA:6,2
DA:8,2
DA:11,2
DA:12,2
DA:14,2
DA:15,0
DA:19,2
DA:20,2
DA:21,2
DA:27,2
DA:28,0
DA:29,0
LF:12
LH:9
BRDA:14,0,0,0
BRDA:14,0,1,2
BRDA:14,1,0,2
BRDA:14,1,1,2
BRDA:27,2,0,0
BRDA:27,2,1,2
BRF:6
BRH:4
end_of_record
TN:
SF:caches/daily.ts
FN:11,(anonymous_0)
FN:23,(anonymous_1)
FN:36,(anonymous_2)
FN:42,(anonymous_3)
FN:55,(anonymous_4)
FNF:5
FNH:5
FNDA:1,(anonymous_0)
FNDA:11,(anonymous_1)
FNDA:1,(anonymous_2)
FNDA:11,(anonymous_3)
FNDA:2,(anonymous_4)
DA:5,2
DA:11,2
DA:12,1
DA:14,1
DA:15,1
DA:19,1
DA:21,1
DA:23,1
DA:24,11
DA:25,11
DA:26,11
DA:30,1
DA:36,2
DA:37,1
DA:38,1
DA:40,1
DA:42,1
DA:43,11
DA:46,1
DA:55,2
DA:56,2
LF:21
LH:21
BRDA:12,0,0,1
BRDA:12,0,1,0
BRDA:25,1,0,11
BRDA:25,1,1,0
BRF:4
BRH:2
end_of_record
TN:
SF:routers/authRouter.ts
FNF:0
FNH:0
DA:4,2
DA:6,2
DA:7,2
DA:8,2
DA:9,2
LF:5
LH:5
BRF:0
BRH:0
end_of_record
TN:
SF:routers/gameRouter.ts
FNF:0
FNH:0
DA:4,2
DA:6,2
DA:7,2
LF:3
LH:3
BRF:0
BRH:0
end_of_record
TN:
SF:services/auth.services.ts
FN:15,(anonymous_0)
FN:30,(anonymous_1)
FN:60,(anonymous_2)
FN:89,(anonymous_3)
FN:93,(anonymous_4)
FNF:5
FNH:4
FNDA:1,(anonymous_0)
FNDA:1,(anonymous_1)
FNDA:1,(anonymous_2)
FNDA:1,(anonymous_3)
FNDA:0,(anonymous_4)
DA:7,2
DA:15,2
DA:16,1
DA:18,1
DA:20,1
DA:21,16
DA:23,1
DA:30,2
DA:31,1
DA:32,0
DA:34,1
DA:35,1
DA:37,1
DA:46,1
DA:60,2
DA:63,1
DA:64,0
DA:67,1
DA:73,1
DA:80,1
DA:82,1
DA:89,2
DA:90,1
DA:93,2
DA:94,0
DA:95,0
LF:26
LH:22
BRDA:31,0,0,0
BRDA:31,0,1,1
BRDA:63,1,0,0
BRDA:63,1,1,1
BRF:4
BRH:2
end_of_record
TN:
SF:services/game.service.ts
FN:13,(anonymous_0)
FN:16,(anonymous_1)
FN:37,(anonymous_2)
FN:86,(anonymous_3)
FN:110,(anonymous_4)
FN:114,(anonymous_5)
FNF:6
FNH:6
FNDA:2,(anonymous_0)
FNDA:2,(anonymous_1)
FNDA:1,(anonymous_2)
FNDA:1,(anonymous_3)
FNDA:1,(anonymous_4)
FNDA:2,(anonymous_5)
DA:6,2
DA:13,2
DA:16,2
DA:17,2
DA:25,2
DA:37,2
DA:41,1
DA:43,0
DA:47,1
DA:50,1
DA:53,1
DA:55,1
DA:59,0
DA:60,0
DA:66,1
DA:68,1
DA:70,1
DA:72,1
DA:73,1
DA:74,1
DA:80,1
DA:86,2
DA:87,1
DA:88,1
DA:90,1
DA:91,0
DA:93,1
DA:94,1
DA:107,1
DA:110,2
DA:111,1
DA:114,2
DA:115,2
DA:116,1
DA:119,1
DA:121,1
DA:122,0
DA:125,1
LF:38
LH:33
BRDA:20,0,0,2
BRDA:20,0,1,0
BRDA:41,1,0,0
BRDA:41,1,1,1
BRDA:55,2,0,0
BRDA:55,2,1,1
BRDA:72,3,0,1
BRDA:72,3,1,0
BRDA:90,4,0,0
BRDA:90,4,1,1
BRDA:115,5,0,1
BRDA:115,5,1,1
BRDA:121,6,0,0
BRDA:121,6,1,1
BRF:14
BRH:8
end_of_record
