{"/Users/nforleo/capstone/TrackGuessr/client/src/components/Gameplay/GuessAttributesModal.tsx": {"path":"/Users/nforleo/capstone/TrackGuessr/client/src/components/Gameplay/GuessAttributesModal.tsx","statementMap":{"0":{"start":{"line":1,"column":0},"end":{"line":1,"column":46}},"1":{"start":{"line":2,"column":0},"end":{"line":2,"column":72}},"2":{"start":{"line":4,"column":0},"end":{"line":4,"column":55}},"3":{"start":{"line":7,"column":0},"end":{"line":7,"column":48}},"4":{"start":{"line":19,"column":36},"end":{"line":146,"column":1}},"5":{"start":{"line":20,"column":8},"end":{"line":20,"column":null}},"6":{"start":{"line":21,"column":11},"end":{"line":21,"column":null}},"7":{"start":{"line":22,"column":15},"end":{"line":22,"column":null}},"8":{"start":{"line":23,"column":18},"end":{"line":23,"column":null}},"9":{"start":{"line":24,"column":12},"end":{"line":24,"column":null}},"10":{"start":{"line":25,"column":9},"end":{"line":25,"column":null}},"11":{"start":{"line":28,"column":48},"end":{"line":28,"column":80}},"12":{"start":{"line":28,"column":25},"end":{"line":28,"column":27}},"13":{"start":{"line":28,"column":44},"end":{"line":28,"column":48}},"14":{"start":{"line":29,"column":42},"end":{"line":29,"column":66}},"15":{"start":{"line":29,"column":22},"end":{"line":29,"column":24}},"16":{"start":{"line":29,"column":38},"end":{"line":29,"column":42}},"17":{"start":{"line":30,"column":40},"end":{"line":34,"column":6}},"18":{"start":{"line":30,"column":21},"end":{"line":30,"column":23}},"19":{"start":{"line":30,"column":36},"end":{"line":30,"column":40}},"20":{"start":{"line":36,"column":31},"end":{"line":41,"column":5}},"21":{"start":{"line":37,"column":8},"end":{"line":40,"column":11}},"22":{"start":{"line":43,"column":30},"end":{"line":48,"column":5}},"23":{"start":{"line":44,"column":8},"end":{"line":47,"column":11}},"24":{"start":{"line":50,"column":30},"end":{"line":55,"column":5}},"25":{"start":{"line":51,"column":8},"end":{"line":54,"column":11}},"26":{"start":{"line":57,"column":4},"end":{"line":145,"column":14}},"27":{"start":{"line":118,"column":31},"end":{"line":118,"column":null}},"28":{"start":{"line":125,"column":20},"end":{"line":133,"column":null}},"29":{"start":{"line":140,"column":32},"end":{"line":140,"column":null}},"30":{"start":{"line":19,"column":13},"end":{"line":19,"column":36}}},"fnMap":{"0":{"name":"(anonymous_3)","decl":{"start":{"line":19,"column":36},"end":{"line":19,"column":37}},"loc":{"start":{"line":26,"column":28},"end":{"line":146,"column":1}}},"1":{"name":"(anonymous_4)","decl":{"start":{"line":36,"column":31},"end":{"line":36,"column":32}},"loc":{"start":{"line":36,"column":68},"end":{"line":41,"column":5}}},"2":{"name":"(anonymous_5)","decl":{"start":{"line":43,"column":30},"end":{"line":43,"column":31}},"loc":{"start":{"line":43,"column":67},"end":{"line":48,"column":5}}},"3":{"name":"(anonymous_6)","decl":{"start":{"line":50,"column":30},"end":{"line":50,"column":31}},"loc":{"start":{"line":50,"column":67},"end":{"line":55,"column":5}}},"4":{"name":"(anonymous_7)","decl":{"start":{"line":118,"column":25},"end":{"line":118,"column":31}},"loc":{"start":{"line":118,"column":25},"end":{"line":118,"column":38}}},"5":{"name":"(anonymous_8)","decl":{"start":{"line":124,"column":25},"end":{"line":124,"column":null}},"loc":{"start":{"line":124,"column":25},"end":{"line":134,"column":17}}},"6":{"name":"(anonymous_9)","decl":{"start":{"line":140,"column":26},"end":{"line":140,"column":32}},"loc":{"start":{"line":140,"column":26},"end":{"line":140,"column":39}}}},"branchMap":{"0":{"loc":{"start":{"line":72,"column":35},"end":{"line":76,"column":52}},"type":"cond-expr","locations":[{"start":{"line":73,"column":28},"end":{"line":73,"column":52}},{"start":{"line":74,"column":28},"end":{"line":76,"column":52}}]},"1":{"loc":{"start":{"line":74,"column":28},"end":{"line":76,"column":52}},"type":"cond-expr","locations":[{"start":{"line":75,"column":28},"end":{"line":75,"column":54}},{"start":{"line":76,"column":28},"end":{"line":76,"column":52}}]},"2":{"loc":{"start":{"line":89,"column":35},"end":{"line":93,"column":52}},"type":"cond-expr","locations":[{"start":{"line":90,"column":28},"end":{"line":90,"column":52}},{"start":{"line":91,"column":28},"end":{"line":93,"column":52}}]},"3":{"loc":{"start":{"line":91,"column":28},"end":{"line":93,"column":52}},"type":"cond-expr","locations":[{"start":{"line":92,"column":28},"end":{"line":92,"column":54}},{"start":{"line":93,"column":28},"end":{"line":93,"column":52}}]},"4":{"loc":{"start":{"line":106,"column":35},"end":{"line":110,"column":52}},"type":"cond-expr","locations":[{"start":{"line":107,"column":28},"end":{"line":107,"column":52}},{"start":{"line":108,"column":28},"end":{"line":110,"column":52}}]},"5":{"loc":{"start":{"line":108,"column":28},"end":{"line":110,"column":52}},"type":"cond-expr","locations":[{"start":{"line":109,"column":28},"end":{"line":109,"column":54}},{"start":{"line":110,"column":28},"end":{"line":110,"column":52}}]},"6":{"loc":{"start":{"line":122,"column":13},"end":{"line":134,"column":null}},"type":"binary-expr","locations":[{"start":{"line":122,"column":13},"end":{"line":122,"column":25}},{"start":{"line":122,"column":29},"end":{"line":134,"column":null}}]},"7":{"loc":{"start":{"line":138,"column":13},"end":{"line":140,"column":null}},"type":"binary-expr","locations":[{"start":{"line":138,"column":13},"end":{"line":138,"column":24}},{"start":{"line":138,"column":28},"end":{"line":140,"column":null}}]}},"s":{"0":1,"1":1,"2":1,"3":1,"4":1,"5":9,"6":9,"7":9,"8":9,"9":9,"10":9,"11":9,"12":9,"13":9,"14":9,"15":9,"16":9,"17":9,"18":9,"19":9,"20":9,"21":1,"22":9,"23":1,"24":9,"25":1,"26":9,"27":0,"28":3,"29":3,"30":1},"f":{"0":9,"1":1,"2":1,"3":1,"4":0,"5":3,"6":3},"b":{"0":[1,8],"1":[1,7],"2":[1,8],"3":[1,7],"4":[1,8],"5":[2,6],"6":[9,6],"7":[9,3]}}
,"/Users/nforleo/capstone/TrackGuessr/client/src/components/Gameplay/assets/styles.module.css": {"path":"/Users/nforleo/capstone/TrackGuessr/client/src/components/Gameplay/assets/styles.module.css","statementMap":{"0":{"start":{"line":1,"column":13},"end":{"line":1,"column":170}},"1":{"start":{"line":3,"column":4},"end":{"line":24,"column":5}},"2":{"start":{"line":4,"column":8},"end":{"line":6,"column":11}},"3":{"start":{"line":7,"column":8},"end":{"line":18,"column":11}},"4":{"start":{"line":9,"column":16},"end":{"line":11,"column":17}},"5":{"start":{"line":10,"column":20},"end":{"line":10,"column":34}},"6":{"start":{"line":12,"column":16},"end":{"line":12,"column":36}},"7":{"start":{"line":16,"column":16},"end":{"line":16,"column":30}},"8":{"start":{"line":20,"column":8},"end":{"line":22,"column":11}},"9":{"start":{"line":23,"column":8},"end":{"line":23,"column":31}}},"fnMap":{"0":{"name":"(anonymous_0)","decl":{"start":{"line":8,"column":12},"end":{"line":8,"column":13}},"loc":{"start":{"line":8,"column":30},"end":{"line":13,"column":13}},"line":8},"1":{"name":"(anonymous_1)","decl":{"start":{"line":15,"column":12},"end":{"line":15,"column":13}},"loc":{"start":{"line":15,"column":29},"end":{"line":17,"column":13}},"line":15}},"branchMap":{"0":{"loc":{"start":{"line":3,"column":4},"end":{"line":24,"column":5}},"type":"if","locations":[{"start":{"line":3,"column":4},"end":{"line":24,"column":5}},{"start":{"line":19,"column":11},"end":{"line":24,"column":5}}],"line":3},"1":{"loc":{"start":{"line":3,"column":8},"end":{"line":3,"column":44}},"type":"binary-expr","locations":[{"start":{"line":3,"column":8},"end":{"line":3,"column":34}},{"start":{"line":3,"column":38},"end":{"line":3,"column":44}}],"line":3},"2":{"loc":{"start":{"line":9,"column":16},"end":{"line":11,"column":17}},"type":"if","locations":[{"start":{"line":9,"column":16},"end":{"line":11,"column":17}},{"start":{},"end":{}}],"line":9}},"s":{"0":1,"1":1,"2":1,"3":1,"4":28,"5":27,"6":1,"7":0,"8":0,"9":0},"f":{"0":28,"1":0},"b":{"0":[1,0],"1":[1,1],"2":[27,1]},"_coverageSchema":"1a1c01bbd47fc00a2c39e90264f33305004495a9","hash":"608788ea34a67f450c4727995e245921388f3617"}
,"/Users/nforleo/capstone/TrackGuessr/client/src/components/Gameplay/utils/logic.ts": {"path":"/Users/nforleo/capstone/TrackGuessr/client/src/components/Gameplay/utils/logic.ts","statementMap":{"0":{"start":{"line":6,"column":28},"end":{"line":9,"column":1}},"1":{"start":{"line":7,"column":4},"end":{"line":7,"column":26}},"2":{"start":{"line":8,"column":4},"end":{"line":8,"column":23}},"3":{"start":{"line":6,"column":13},"end":{"line":6,"column":28}},"4":{"start":{"line":11,"column":38},"end":{"line":13,"column":1}},"5":{"start":{"line":12,"column":4},"end":{"line":12,"column":98}},"6":{"start":{"line":12,"column":35},"end":{"line":12,"column":97}},"7":{"start":{"line":11,"column":13},"end":{"line":11,"column":38}},"8":{"start":{"line":19,"column":39},"end":{"line":25,"column":1}},"9":{"start":{"line":20,"column":4},"end":{"line":24,"column":6}},"10":{"start":{"line":21,"column":8},"end":{"line":23,"column":null}},"11":{"start":{"line":19,"column":13},"end":{"line":19,"column":39}},"12":{"start":{"line":27,"column":27},"end":{"line":44,"column":1}},"13":{"start":{"line":35,"column":4},"end":{"line":35,"column":null}},"14":{"start":{"line":35,"column":48},"end":{"line":35,"column":96}},"15":{"start":{"line":38,"column":27},"end":{"line":38,"column":64}},"16":{"start":{"line":39,"column":4},"end":{"line":39,"column":41}},"17":{"start":{"line":41,"column":4},"end":{"line":43,"column":5}},"18":{"start":{"line":42,"column":8},"end":{"line":42,"column":30}},"19":{"start":{"line":27,"column":13},"end":{"line":27,"column":27}},"20":{"start":{"line":46,"column":39},"end":{"line":61,"column":1}},"21":{"start":{"line":54,"column":34},"end":{"line":54,"column":94}},"22":{"start":{"line":54,"column":65},"end":{"line":54,"column":94}},"23":{"start":{"line":55,"column":4},"end":{"line":55,"column":43}},"24":{"start":{"line":56,"column":4},"end":{"line":56,"column":35}},"25":{"start":{"line":58,"column":4},"end":{"line":58,"column":30}},"26":{"start":{"line":60,"column":4},"end":{"line":60,"column":35}},"27":{"start":{"line":46,"column":13},"end":{"line":46,"column":39}},"28":{"start":{"line":63,"column":28},"end":{"line":92,"column":1}},"29":{"start":{"line":67,"column":19},"end":{"line":74,"column":null}},"30":{"start":{"line":76,"column":4},"end":{"line":79,"column":5}},"31":{"start":{"line":77,"column":8},"end":{"line":77,"column":23}},"32":{"start":{"line":78,"column":8},"end":{"line":78,"column":37}},"33":{"start":{"line":81,"column":4},"end":{"line":84,"column":5}},"34":{"start":{"line":82,"column":8},"end":{"line":82,"column":23}},"35":{"start":{"line":83,"column":8},"end":{"line":83,"column":36}},"36":{"start":{"line":86,"column":4},"end":{"line":89,"column":5}},"37":{"start":{"line":87,"column":8},"end":{"line":87,"column":23}},"38":{"start":{"line":88,"column":8},"end":{"line":88,"column":36}},"39":{"start":{"line":91,"column":4},"end":{"line":91,"column":18}},"40":{"start":{"line":63,"column":13},"end":{"line":63,"column":28}},"41":{"start":{"line":94,"column":38},"end":{"line":122,"column":1}},"42":{"start":{"line":103,"column":4},"end":{"line":103,"column":46}},"43":{"start":{"line":104,"column":4},"end":{"line":104,"column":43}},"44":{"start":{"line":107,"column":19},"end":{"line":109,"column":null}},"45":{"start":{"line":112,"column":4},"end":{"line":112,"column":38}},"46":{"start":{"line":115,"column":4},"end":{"line":115,"column":50}},"47":{"start":{"line":118,"column":4},"end":{"line":118,"column":25}},"48":{"start":{"line":121,"column":4},"end":{"line":121,"column":30}},"49":{"start":{"line":94,"column":13},"end":{"line":94,"column":38}},"50":{"start":{"line":124,"column":30},"end":{"line":129,"column":1}},"51":{"start":{"line":125,"column":4},"end":{"line":127,"column":null}},"52":{"start":{"line":124,"column":13},"end":{"line":124,"column":30}}},"fnMap":{"0":{"name":"(anonymous_2)","decl":{"start":{"line":6,"column":28},"end":{"line":6,"column":29}},"loc":{"start":{"line":6,"column":117},"end":{"line":9,"column":1}}},"1":{"name":"(anonymous_3)","decl":{"start":{"line":11,"column":38},"end":{"line":11,"column":39}},"loc":{"start":{"line":11,"column":57},"end":{"line":13,"column":1}}},"2":{"name":"(anonymous_4)","decl":{"start":{"line":12,"column":22},"end":{"line":12,"column":23}},"loc":{"start":{"line":12,"column":30},"end":{"line":12,"column":40}}},"3":{"name":"(anonymous_5)","decl":{"start":{"line":19,"column":39},"end":{"line":19,"column":40}},"loc":{"start":{"line":19,"column":86},"end":{"line":25,"column":1}}},"4":{"name":"(anonymous_6)","decl":{"start":{"line":20,"column":25},"end":{"line":20,"column":26}},"loc":{"start":{"line":20,"column":30},"end":{"line":21,"column":12}}},"5":{"name":"(anonymous_7)","decl":{"start":{"line":27,"column":27},"end":{"line":27,"column":null}},"loc":{"start":{"line":32,"column":35},"end":{"line":44,"column":1}}},"6":{"name":"(anonymous_8)","decl":{"start":{"line":35,"column":20},"end":{"line":35,"column":21}},"loc":{"start":{"line":35,"column":43},"end":{"line":35,"column":71}}},"7":{"name":"(anonymous_9)","decl":{"start":{"line":46,"column":39},"end":{"line":46,"column":null}},"loc":{"start":{"line":52,"column":49},"end":{"line":61,"column":1}}},"8":{"name":"(anonymous_10)","decl":{"start":{"line":54,"column":54},"end":{"line":54,"column":55}},"loc":{"start":{"line":54,"column":60},"end":{"line":54,"column":70}}},"9":{"name":"(anonymous_11)","decl":{"start":{"line":63,"column":28},"end":{"line":63,"column":null}},"loc":{"start":{"line":65,"column":26},"end":{"line":92,"column":1}}},"10":{"name":"(anonymous_12)","decl":{"start":{"line":94,"column":38},"end":{"line":94,"column":null}},"loc":{"start":{"line":101,"column":20},"end":{"line":122,"column":1}}},"11":{"name":"(anonymous_13)","decl":{"start":{"line":124,"column":30},"end":{"line":124,"column":31}},"loc":{"start":{"line":124,"column":62},"end":{"line":129,"column":1}}}},"branchMap":{"0":{"loc":{"start":{"line":12,"column":35},"end":{"line":12,"column":96}},"type":"binary-expr","locations":[{"start":{"line":12,"column":35},"end":{"line":12,"column":47}},{"start":{"line":12,"column":51},"end":{"line":12,"column":96}}]},"1":{"loc":{"start":{"line":12,"column":52},"end":{"line":12,"column":67}},"type":"binary-expr","locations":[{"start":{"line":12,"column":52},"end":{"line":12,"column":61}},{"start":{"line":12,"column":65},"end":{"line":12,"column":67}}]},"2":{"loc":{"start":{"line":12,"column":72},"end":{"line":12,"column":95}},"type":"binary-expr","locations":[{"start":{"line":12,"column":72},"end":{"line":12,"column":89}},{"start":{"line":12,"column":93},"end":{"line":12,"column":95}}]},"3":{"loc":{"start":{"line":21,"column":8},"end":{"line":23,"column":18}},"type":"cond-expr","locations":[{"start":{"line":22,"column":13},"end":{"line":22,"column":null}},{"start":{"line":23,"column":14},"end":{"line":23,"column":18}}]},"4":{"loc":{"start":{"line":21,"column":20},"end":{"line":21,"column":35}},"type":"cond-expr","locations":[{"start":{"line":21,"column":31},"end":{"line":21,"column":33}},{"start":{"line":21,"column":20},"end":{"line":21,"column":35}}]},"5":{"loc":{"start":{"line":21,"column":20},"end":{"line":21,"column":33}},"type":"binary-expr","locations":[{"start":{"line":21,"column":20},"end":{"line":21,"column":33}},{"start":{"line":21,"column":20},"end":{"line":21,"column":33}}]},"6":{"loc":{"start":{"line":41,"column":4},"end":{"line":43,"column":5}},"type":"if","locations":[{"start":{"line":41,"column":4},"end":{"line":43,"column":5}}]},"7":{"loc":{"start":{"line":54,"column":78},"end":{"line":54,"column":93}},"type":"cond-expr","locations":[{"start":{"line":54,"column":89},"end":{"line":54,"column":91}},{"start":{"line":54,"column":78},"end":{"line":54,"column":93}}]},"8":{"loc":{"start":{"line":54,"column":78},"end":{"line":54,"column":91}},"type":"binary-expr","locations":[{"start":{"line":54,"column":78},"end":{"line":54,"column":91}},{"start":{"line":54,"column":78},"end":{"line":54,"column":91}}]},"9":{"loc":{"start":{"line":76,"column":4},"end":{"line":79,"column":5}},"type":"if","locations":[{"start":{"line":76,"column":4},"end":{"line":79,"column":5}}]},"10":{"loc":{"start":{"line":76,"column":8},"end":{"line":76,"column":42}},"type":"cond-expr","locations":[{"start":{"line":76,"column":27},"end":{"line":76,"column":29}},{"start":{"line":76,"column":27},"end":{"line":76,"column":42}}]},"11":{"loc":{"start":{"line":76,"column":8},"end":{"line":76,"column":29}},"type":"binary-expr","locations":[{"start":{"line":76,"column":8},"end":{"line":76,"column":29}},{"start":{"line":76,"column":27},"end":{"line":76,"column":29}}]},"12":{"loc":{"start":{"line":76,"column":8},"end":{"line":76,"column":27}},"type":"cond-expr","locations":[{"start":{"line":76,"column":19},"end":{"line":76,"column":21}},{"start":{"line":76,"column":8},"end":{"line":76,"column":27}}]},"13":{"loc":{"start":{"line":76,"column":8},"end":{"line":76,"column":21}},"type":"binary-expr","locations":[{"start":{"line":76,"column":8},"end":{"line":76,"column":21}},{"start":{"line":76,"column":8},"end":{"line":76,"column":21}}]},"14":{"loc":{"start":{"line":81,"column":4},"end":{"line":84,"column":5}},"type":"if","locations":[{"start":{"line":81,"column":4},"end":{"line":84,"column":5}}]},"15":{"loc":{"start":{"line":81,"column":8},"end":{"line":81,"column":41}},"type":"cond-expr","locations":[{"start":{"line":81,"column":26},"end":{"line":81,"column":28}},{"start":{"line":81,"column":26},"end":{"line":81,"column":41}}]},"16":{"loc":{"start":{"line":81,"column":8},"end":{"line":81,"column":28}},"type":"binary-expr","locations":[{"start":{"line":81,"column":8},"end":{"line":81,"column":28}},{"start":{"line":81,"column":26},"end":{"line":81,"column":28}}]},"17":{"loc":{"start":{"line":81,"column":8},"end":{"line":81,"column":26}},"type":"cond-expr","locations":[{"start":{"line":81,"column":19},"end":{"line":81,"column":21}},{"start":{"line":81,"column":8},"end":{"line":81,"column":26}}]},"18":{"loc":{"start":{"line":81,"column":8},"end":{"line":81,"column":21}},"type":"binary-expr","locations":[{"start":{"line":81,"column":8},"end":{"line":81,"column":21}},{"start":{"line":81,"column":8},"end":{"line":81,"column":21}}]},"19":{"loc":{"start":{"line":86,"column":4},"end":{"line":89,"column":5}},"type":"if","locations":[{"start":{"line":86,"column":4},"end":{"line":89,"column":5}}]},"20":{"loc":{"start":{"line":86,"column":8},"end":{"line":86,"column":41}},"type":"cond-expr","locations":[{"start":{"line":86,"column":26},"end":{"line":86,"column":28}},{"start":{"line":86,"column":26},"end":{"line":86,"column":41}}]},"21":{"loc":{"start":{"line":86,"column":8},"end":{"line":86,"column":28}},"type":"binary-expr","locations":[{"start":{"line":86,"column":8},"end":{"line":86,"column":28}},{"start":{"line":86,"column":26},"end":{"line":86,"column":28}}]},"22":{"loc":{"start":{"line":86,"column":8},"end":{"line":86,"column":26}},"type":"cond-expr","locations":[{"start":{"line":86,"column":19},"end":{"line":86,"column":21}},{"start":{"line":86,"column":8},"end":{"line":86,"column":26}}]},"23":{"loc":{"start":{"line":86,"column":8},"end":{"line":86,"column":21}},"type":"binary-expr","locations":[{"start":{"line":86,"column":8},"end":{"line":86,"column":21}},{"start":{"line":86,"column":8},"end":{"line":86,"column":21}}]}},"s":{"0":1,"1":0,"2":0,"3":1,"4":1,"5":0,"6":0,"7":1,"8":1,"9":0,"10":0,"11":1,"12":1,"13":0,"14":0,"15":0,"16":0,"17":0,"18":0,"19":1,"20":1,"21":0,"22":0,"23":0,"24":0,"25":0,"26":0,"27":1,"28":1,"29":3,"30":3,"31":1,"32":1,"33":3,"34":1,"35":1,"36":3,"37":1,"38":1,"39":3,"40":1,"41":1,"42":3,"43":3,"44":3,"45":3,"46":3,"47":3,"48":3,"49":1,"50":1,"51":3,"52":1},"f":{"0":0,"1":0,"2":0,"3":0,"4":0,"5":0,"6":0,"7":0,"8":0,"9":3,"10":3,"11":3},"b":{"0":[0,0],"1":[0,0],"2":[0,0],"3":[0,0],"4":[0,0],"5":[0,0],"6":[0],"7":[0,0],"8":[0,0],"9":[1],"10":[0,3],"11":[3,3],"12":[0,3],"13":[3,3],"14":[1],"15":[0,3],"16":[3,3],"17":[0,3],"18":[3,3],"19":[1],"20":[0,3],"21":[3,3],"22":[0,3],"23":[3,3]}}
}
