{"/Users/nforleo/capstone/TrackGuessr/client/src/api.ts": {"path":"/Users/nforleo/capstone/TrackGuessr/client/src/api.ts","statementMap":{"0":{"start":{"line":4,"column":0},"end":{"line":4,"column":22}},"1":{"start":{"line":13,"column":0},"end":{"line":13,"column":22}},"2":{"start":{"line":20,"column":0},"end":{"line":20,"column":22}},"3":{"start":{"line":29,"column":0},"end":{"line":29,"column":22}},"4":{"start":{"line":1,"column":0},"end":{"line":1,"column":26}},"5":{"start":{"line":5,"column":21},"end":{"line":8,"column":null}},"6":{"start":{"line":5,"column":12},"end":{"line":5,"column":21}},"7":{"start":{"line":10,"column":4},"end":{"line":10,"column":16}},"8":{"start":{"line":14,"column":4},"end":{"line":17,"column":7}},"9":{"start":{"line":21,"column":21},"end":{"line":24,"column":null}},"10":{"start":{"line":21,"column":12},"end":{"line":21,"column":21}},"11":{"start":{"line":26,"column":4},"end":{"line":26,"column":31}},"12":{"start":{"line":30,"column":4},"end":{"line":36,"column":7}}},"fnMap":{"0":{"name":"getAuthToken","decl":{"start":{"line":4,"column":22},"end":{"line":4,"column":34}},"loc":{"start":{"line":4,"column":34},"end":{"line":11,"column":null}}},"1":{"name":"logout","decl":{"start":{"line":13,"column":22},"end":{"line":13,"column":28}},"loc":{"start":{"line":13,"column":28},"end":{"line":18,"column":null}}},"2":{"name":"getDailyTracks","decl":{"start":{"line":20,"column":22},"end":{"line":20,"column":36}},"loc":{"start":{"line":20,"column":36},"end":{"line":27,"column":null}}},"3":{"name":"playSong","decl":{"start":{"line":29,"column":22},"end":{"line":29,"column":30}},"loc":{"start":{"line":29,"column":43},"end":{"line":37,"column":null}}}},"branchMap":{"0":{"loc":{"start":{"line":5,"column":21},"end":{"line":8,"column":null}},"type":"switch","locations":[{"start":{"line":5,"column":21},"end":{"line":8,"column":null}}]},"1":{"loc":{"start":{"line":14,"column":4},"end":{"line":17,"column":7}},"type":"switch","locations":[{"start":{"line":14,"column":4},"end":{"line":17,"column":7}}]},"2":{"loc":{"start":{"line":21,"column":21},"end":{"line":24,"column":null}},"type":"switch","locations":[{"start":{"line":21,"column":21},"end":{"line":24,"column":null}}]},"3":{"loc":{"start":{"line":30,"column":4},"end":{"line":36,"column":7}},"type":"switch","locations":[{"start":{"line":30,"column":4},"end":{"line":36,"column":7}}]}},"s":{"0":2,"1":2,"2":2,"3":2,"4":2,"5":0,"6":0,"7":0,"8":0,"9":0,"10":0,"11":0,"12":0},"f":{"0":0,"1":0,"2":0,"3":0},"b":{"0":[0],"1":[0],"2":[0],"3":[0]}}
,"/Users/nforleo/capstone/TrackGuessr/client/src/atoms/UserAtom.ts": {"path":"/Users/nforleo/capstone/TrackGuessr/client/src/atoms/UserAtom.ts","statementMap":{"0":{"start":{"line":1,"column":0},"end":{"line":1,"column":29}},"1":{"start":{"line":4,"column":13},"end":{"line":4,"column":48}}},"fnMap":{},"branchMap":{},"s":{"0":2,"1":2},"f":{},"b":{}}
,"/Users/nforleo/capstone/TrackGuessr/client/src/components/Gameplay/BackCard.tsx": {"path":"/Users/nforleo/capstone/TrackGuessr/client/src/components/Gameplay/BackCard.tsx","statementMap":{"0":{"start":{"line":2,"column":0},"end":{"line":2,"column":68}},"1":{"start":{"line":9,"column":24},"end":{"line":21,"column":1}},"2":{"start":{"line":10,"column":9},"end":{"line":10,"column":null}},"3":{"start":{"line":12,"column":4},"end":{"line":20,"column":null}},"4":{"start":{"line":9,"column":13},"end":{"line":9,"column":24}}},"fnMap":{"0":{"name":"(anonymous_0)","decl":{"start":{"line":9,"column":24},"end":{"line":9,"column":25}},"loc":{"start":{"line":11,"column":16},"end":{"line":21,"column":1}}}},"branchMap":{},"s":{"0":2,"1":2,"2":3,"3":3,"4":2},"f":{"0":3},"b":{}}
,"/Users/nforleo/capstone/TrackGuessr/client/src/components/Gameplay/Draggable.tsx": {"path":"/Users/nforleo/capstone/TrackGuessr/client/src/components/Gameplay/Draggable.tsx","statementMap":{"0":{"start":{"line":2,"column":0},"end":{"line":2,"column":45}},"1":{"start":{"line":5,"column":0},"end":{"line":5,"column":38}},"2":{"start":{"line":11,"column":25},"end":{"line":33,"column":1}},"3":{"start":{"line":12,"column":9},"end":{"line":12,"column":null}},"4":{"start":{"line":14,"column":57},"end":{"line":16,"column":4}},"5":{"start":{"line":14,"column":19},"end":{"line":14,"column":21}},"6":{"start":{"line":14,"column":30},"end":{"line":14,"column":32}},"7":{"start":{"line":14,"column":42},"end":{"line":14,"column":44}},"8":{"start":{"line":14,"column":53},"end":{"line":14,"column":57}},"9":{"start":{"line":18,"column":16},"end":{"line":20,"column":15}},"10":{"start":{"line":23,"column":2},"end":{"line":32,"column":4}},"11":{"start":{"line":11,"column":13},"end":{"line":11,"column":25}}},"fnMap":{"0":{"name":"(anonymous_2)","decl":{"start":{"line":11,"column":25},"end":{"line":11,"column":26}},"loc":{"start":{"line":13,"column":17},"end":{"line":33,"column":1}}}},"branchMap":{"0":{"loc":{"start":{"line":18,"column":16},"end":{"line":20,"column":15}},"type":"cond-expr","locations":[{"start":{"line":18,"column":28},"end":{"line":20,"column":4}},{"start":{"line":20,"column":6},"end":{"line":20,"column":15}}]}},"s":{"0":2,"1":2,"2":2,"3":3,"4":3,"5":3,"6":3,"7":3,"8":3,"9":3,"10":3,"11":2},"f":{"0":3},"b":{"0":[0,3]}}
,"/Users/nforleo/capstone/TrackGuessr/client/src/components/Gameplay/Gameboard.tsx": {"path":"/Users/nforleo/capstone/TrackGuessr/client/src/components/Gameplay/Gameboard.tsx","statementMap":{"0":{"start":{"line":1,"column":0},"end":{"line":1,"column":142}},"1":{"start":{"line":3,"column":0},"end":{"line":3,"column":40}},"2":{"start":{"line":4,"column":0},"end":{"line":4,"column":44}},"3":{"start":{"line":5,"column":0},"end":{"line":5,"column":48}},"4":{"start":{"line":6,"column":0},"end":{"line":6,"column":75}},"5":{"start":{"line":7,"column":0},"end":{"line":7,"column":144}},"6":{"start":{"line":8,"column":0},"end":{"line":8,"column":46}},"7":{"start":{"line":10,"column":0},"end":{"line":10,"column":37}},"8":{"start":{"line":11,"column":0},"end":{"line":11,"column":48}},"9":{"start":{"line":12,"column":0},"end":{"line":12,"column":53}},"10":{"start":{"line":18,"column":25},"end":{"line":151,"column":1}},"11":{"start":{"line":19,"column":8},"end":{"line":19,"column":null}},"12":{"start":{"line":21,"column":17},"end":{"line":21,"column":39}},"13":{"start":{"line":22,"column":44},"end":{"line":22,"column":69}},"14":{"start":{"line":22,"column":23},"end":{"line":22,"column":25}},"15":{"start":{"line":22,"column":40},"end":{"line":22,"column":44}},"16":{"start":{"line":23,"column":48},"end":{"line":23,"column":73}},"17":{"start":{"line":23,"column":25},"end":{"line":23,"column":27}},"18":{"start":{"line":23,"column":44},"end":{"line":23,"column":48}},"19":{"start":{"line":24,"column":32},"end":{"line":24,"column":70}},"20":{"start":{"line":24,"column":17},"end":{"line":24,"column":19}},"21":{"start":{"line":24,"column":28},"end":{"line":24,"column":32}},"22":{"start":{"line":25,"column":42},"end":{"line":25,"column":75}},"23":{"start":{"line":25,"column":22},"end":{"line":25,"column":24}},"24":{"start":{"line":25,"column":38},"end":{"line":25,"column":42}},"25":{"start":{"line":27,"column":4},"end":{"line":40,"column":11}},"26":{"start":{"line":28,"column":8},"end":{"line":39,"column":11}},"27":{"start":{"line":29,"column":12},"end":{"line":29,"column":42}},"28":{"start":{"line":30,"column":26},"end":{"line":30,"column":40}},"29":{"start":{"line":31,"column":12},"end":{"line":38,"column":13}},"30":{"start":{"line":32,"column":16},"end":{"line":32,"column":53}},"31":{"start":{"line":34,"column":16},"end":{"line":34,"column":54}},"32":{"start":{"line":35,"column":16},"end":{"line":35,"column":38}},"33":{"start":{"line":36,"column":16},"end":{"line":36,"column":41}},"34":{"start":{"line":37,"column":16},"end":{"line":37,"column":42}},"35":{"start":{"line":42,"column":4},"end":{"line":73,"column":15}},"36":{"start":{"line":43,"column":8},"end":{"line":72,"column":5}},"37":{"start":{"line":44,"column":27},"end":{"line":44,"column":59}},"38":{"start":{"line":45,"column":12},"end":{"line":45,"column":65}},"39":{"start":{"line":46,"column":12},"end":{"line":46,"column":32}},"40":{"start":{"line":47,"column":12},"end":{"line":47,"column":null}},"41":{"start":{"line":50,"column":12},"end":{"line":50,"column":46}},"42":{"start":{"line":52,"column":12},"end":{"line":71,"column":10}},"43":{"start":{"line":53,"column":31},"end":{"line":57,"column":18}},"44":{"start":{"line":55,"column":43},"end":{"line":55,"column":65}},"45":{"start":{"line":59,"column":16},"end":{"line":59,"column":34}},"46":{"start":{"line":61,"column":16},"end":{"line":63,"column":19}},"47":{"start":{"line":61,"column":56},"end":{"line":61,"column":58}},"48":{"start":{"line":62,"column":20},"end":{"line":62,"column":67}},"49":{"start":{"line":65,"column":16},"end":{"line":67,"column":19}},"50":{"start":{"line":65,"column":60},"end":{"line":65,"column":62}},"51":{"start":{"line":66,"column":20},"end":{"line":66,"column":73}},"52":{"start":{"line":70,"column":16},"end":{"line":70,"column":33}},"53":{"start":{"line":75,"column":26},"end":{"line":94,"column":5}},"54":{"start":{"line":76,"column":31},"end":{"line":76,"column":37}},"55":{"start":{"line":78,"column":8},"end":{"line":78,"column":38}},"56":{"start":{"line":80,"column":8},"end":{"line":93,"column":9}},"57":{"start":{"line":81,"column":12},"end":{"line":92,"column":13}},"58":{"start":{"line":83,"column":16},"end":{"line":87,"column":19}},"59":{"start":{"line":84,"column":37},"end":{"line":84,"column":88}},"60":{"start":{"line":84,"column":65},"end":{"line":84,"column":88}},"61":{"start":{"line":85,"column":37},"end":{"line":85,"column":86}},"62":{"start":{"line":85,"column":65},"end":{"line":85,"column":86}},"63":{"start":{"line":86,"column":20},"end":{"line":86,"column":65}},"64":{"start":{"line":90,"column":16},"end":{"line":90,"column":82}},"65":{"start":{"line":90,"column":47},"end":{"line":90,"column":80}},"66":{"start":{"line":91,"column":16},"end":{"line":91,"column":59}},"67":{"start":{"line":96,"column":25},"end":{"line":100,"column":5}},"68":{"start":{"line":97,"column":22},"end":{"line":97,"column":39}},"69":{"start":{"line":98,"column":8},"end":{"line":98,"column":30}},"70":{"start":{"line":99,"column":8},"end":{"line":99,"column":27}},"71":{"start":{"line":102,"column":4},"end":{"line":150,"column":null}},"72":{"start":{"line":120,"column":32},"end":{"line":120,"column":47}},"73":{"start":{"line":127,"column":32},"end":{"line":127,"column":null}},"74":{"start":{"line":132,"column":32},"end":{"line":132,"column":null}},"75":{"start":{"line":141,"column":65},"end":{"line":143,"column":38}},"76":{"start":{"line":18,"column":13},"end":{"line":18,"column":25}}},"fnMap":{"0":{"name":"(anonymous_2)","decl":{"start":{"line":18,"column":25},"end":{"line":18,"column":26}},"loc":{"start":{"line":20,"column":17},"end":{"line":151,"column":1}}},"1":{"name":"(anonymous_3)","decl":{"start":{"line":27,"column":14},"end":{"line":27,"column":null}},"loc":{"start":{"line":27,"column":14},"end":{"line":40,"column":5}}},"2":{"name":"(anonymous_4)","decl":{"start":{"line":28,"column":30},"end":{"line":28,"column":31}},"loc":{"start":{"line":28,"column":37},"end":{"line":39,"column":9}}},"3":{"name":"(anonymous_5)","decl":{"start":{"line":42,"column":14},"end":{"line":42,"column":null}},"loc":{"start":{"line":42,"column":14},"end":{"line":73,"column":5}}},"4":{"name":"(anonymous_6)","decl":{"start":{"line":52,"column":50},"end":{"line":52,"column":null}},"loc":{"start":{"line":52,"column":50},"end":{"line":71,"column":9}}},"5":{"name":"(anonymous_7)","decl":{"start":{"line":55,"column":35},"end":{"line":55,"column":37}},"loc":{"start":{"line":55,"column":37},"end":{"line":55,"column":67}}},"6":{"name":"(anonymous_8)","decl":{"start":{"line":61,"column":44},"end":{"line":61,"column":45}},"loc":{"start":{"line":61,"column":58},"end":{"line":63,"column":17}}},"7":{"name":"(anonymous_9)","decl":{"start":{"line":65,"column":48},"end":{"line":65,"column":49}},"loc":{"start":{"line":65,"column":62},"end":{"line":67,"column":17}}},"8":{"name":"(anonymous_10)","decl":{"start":{"line":75,"column":26},"end":{"line":75,"column":27}},"loc":{"start":{"line":75,"column":46},"end":{"line":94,"column":5}}},"9":{"name":"(anonymous_11)","decl":{"start":{"line":83,"column":32},"end":{"line":83,"column":33}},"loc":{"start":{"line":83,"column":39},"end":{"line":87,"column":17}}},"10":{"name":"(anonymous_12)","decl":{"start":{"line":84,"column":54},"end":{"line":84,"column":55}},"loc":{"start":{"line":84,"column":60},"end":{"line":84,"column":70}}},"11":{"name":"(anonymous_13)","decl":{"start":{"line":85,"column":54},"end":{"line":85,"column":55}},"loc":{"start":{"line":85,"column":60},"end":{"line":85,"column":70}}},"12":{"name":"(anonymous_14)","decl":{"start":{"line":90,"column":32},"end":{"line":90,"column":33}},"loc":{"start":{"line":90,"column":42},"end":{"line":90,"column":51}}},"13":{"name":"(anonymous_15)","decl":{"start":{"line":96,"column":25},"end":{"line":96,"column":null}},"loc":{"start":{"line":96,"column":25},"end":{"line":100,"column":5}}},"14":{"name":"(anonymous_16)","decl":{"start":{"line":119,"column":37},"end":{"line":119,"column":null}},"loc":{"start":{"line":119,"column":37},"end":{"line":121,"column":29}}},"15":{"name":"(anonymous_17)","decl":{"start":{"line":126,"column":45},"end":{"line":126,"column":null}},"loc":{"start":{"line":126,"column":45},"end":{"line":128,"column":29}}},"16":{"name":"(anonymous_18)","decl":{"start":{"line":131,"column":46},"end":{"line":131,"column":null}},"loc":{"start":{"line":131,"column":46},"end":{"line":133,"column":29}}},"17":{"name":"(anonymous_19)","decl":{"start":{"line":141,"column":54},"end":{"line":141,"column":55}},"loc":{"start":{"line":141,"column":60},"end":{"line":141,"column":null}}}},"branchMap":{"0":{"loc":{"start":{"line":31,"column":12},"end":{"line":38,"column":13}},"type":"if","locations":[{"start":{"line":31,"column":12},"end":{"line":38,"column":13}},{"start":{"line":33,"column":19},"end":{"line":38,"column":13}}]},"1":{"loc":{"start":{"line":43,"column":8},"end":{"line":72,"column":5}},"type":"if","locations":[{"start":{"line":43,"column":8},"end":{"line":72,"column":5}}]},"2":{"loc":{"start":{"line":43,"column":12},"end":{"line":43,"column":65}},"type":"binary-expr","locations":[{"start":{"line":43,"column":12},"end":{"line":43,"column":16}},{"start":{"line":43,"column":20},"end":{"line":43,"column":65}}]},"3":{"loc":{"start":{"line":55,"column":46},"end":{"line":55,"column":63}},"type":"binary-expr","locations":[{"start":{"line":55,"column":46},"end":{"line":55,"column":57}},{"start":{"line":55,"column":61},"end":{"line":55,"column":63}}]},"4":{"loc":{"start":{"line":55,"column":46},"end":{"line":55,"column":57}},"type":"cond-expr","locations":[{"start":{"line":55,"column":50},"end":{"line":55,"column":52}},{"start":{"line":55,"column":46},"end":{"line":55,"column":57}}]},"5":{"loc":{"start":{"line":55,"column":46},"end":{"line":55,"column":52}},"type":"binary-expr","locations":[{"start":{"line":55,"column":46},"end":{"line":55,"column":52}},{"start":{"line":55,"column":46},"end":{"line":55,"column":52}}]},"6":{"loc":{"start":{"line":80,"column":8},"end":{"line":93,"column":9}},"type":"if","locations":[{"start":{"line":80,"column":8},"end":{"line":93,"column":9}}]},"7":{"loc":{"start":{"line":80,"column":12},"end":{"line":80,"column":80}},"type":"binary-expr","locations":[{"start":{"line":80,"column":12},"end":{"line":80,"column":16}},{"start":{"line":80,"column":20},"end":{"line":80,"column":80}}]},"8":{"loc":{"start":{"line":80,"column":20},"end":{"line":80,"column":59}},"type":"cond-expr","locations":[{"start":{"line":80,"column":37},"end":{"line":80,"column":39}},{"start":{"line":80,"column":37},"end":{"line":80,"column":59}}]},"9":{"loc":{"start":{"line":80,"column":20},"end":{"line":80,"column":39}},"type":"binary-expr","locations":[{"start":{"line":80,"column":20},"end":{"line":80,"column":39}},{"start":{"line":80,"column":37},"end":{"line":80,"column":39}}]},"10":{"loc":{"start":{"line":81,"column":12},"end":{"line":92,"column":13}},"type":"if","locations":[{"start":{"line":81,"column":12},"end":{"line":92,"column":13}},{"start":{"line":88,"column":19},"end":{"line":92,"column":13}}]},"11":{"loc":{"start":{"line":81,"column":16},"end":{"line":81,"column":57}},"type":"cond-expr","locations":[{"start":{"line":81,"column":35},"end":{"line":81,"column":37}},{"start":{"line":81,"column":35},"end":{"line":81,"column":57}}]},"12":{"loc":{"start":{"line":81,"column":16},"end":{"line":81,"column":37}},"type":"binary-expr","locations":[{"start":{"line":81,"column":16},"end":{"line":81,"column":37}},{"start":{"line":81,"column":35},"end":{"line":81,"column":37}}]},"13":{"loc":{"start":{"line":104,"column":13},"end":{"line":148,"column":48}},"type":"cond-expr","locations":[{"start":{"line":104,"column":68},"end":{"line":147,"column":null}},{"start":{"line":148,"column":27},"end":{"line":148,"column":48}}]},"14":{"loc":{"start":{"line":104,"column":13},"end":{"line":104,"column":65}},"type":"binary-expr","locations":[{"start":{"line":104,"column":13},"end":{"line":104,"column":36}},{"start":{"line":104,"column":40},"end":{"line":104,"column":65}}]},"15":{"loc":{"start":{"line":109,"column":33},"end":{"line":109,"column":101}},"type":"binary-expr","locations":[{"start":{"line":109,"column":33},"end":{"line":109,"column":58}},{"start":{"line":109,"column":62},"end":{"line":109,"column":101}}]},"16":{"loc":{"start":{"line":127,"column":32},"end":{"line":127,"column":48}},"type":"cond-expr","locations":[{"start":{"line":127,"column":38},"end":{"line":127,"column":40}},{"start":{"line":127,"column":32},"end":{"line":127,"column":48}}]},"17":{"loc":{"start":{"line":127,"column":32},"end":{"line":127,"column":40}},"type":"binary-expr","locations":[{"start":{"line":127,"column":32},"end":{"line":127,"column":40}},{"start":{"line":127,"column":32},"end":{"line":127,"column":40}}]},"18":{"loc":{"start":{"line":132,"column":32},"end":{"line":132,"column":47}},"type":"cond-expr","locations":[{"start":{"line":132,"column":38},"end":{"line":132,"column":40}},{"start":{"line":132,"column":32},"end":{"line":132,"column":47}}]},"19":{"loc":{"start":{"line":132,"column":32},"end":{"line":132,"column":40}},"type":"binary-expr","locations":[{"start":{"line":132,"column":32},"end":{"line":132,"column":40}},{"start":{"line":132,"column":32},"end":{"line":132,"column":40}}]}},"s":{"0":2,"1":2,"2":2,"3":2,"4":2,"5":2,"6":2,"7":2,"8":2,"9":2,"10":2,"11":13,"12":12,"13":12,"14":12,"15":12,"16":12,"17":12,"18":12,"19":12,"20":12,"21":12,"22":12,"23":12,"24":12,"25":12,"26":4,"27":4,"28":4,"29":4,"30":0,"31":4,"32":4,"33":4,"34":4,"35":12,"36":4,"37":0,"38":0,"39":0,"40":0,"41":0,"42":0,"43":0,"44":0,"45":0,"46":0,"47":0,"48":0,"49":0,"50":0,"51":0,"52":0,"53":12,"54":0,"55":0,"56":0,"57":0,"58":0,"59":0,"60":0,"61":0,"62":0,"63":0,"64":0,"65":0,"66":0,"67":12,"68":0,"69":0,"70":0,"71":12,"72":0,"73":0,"74":0,"75":3,"76":2},"f":{"0":13,"1":4,"2":4,"3":4,"4":0,"5":0,"6":0,"7":0,"8":0,"9":0,"10":0,"11":0,"12":0,"13":0,"14":0,"15":0,"16":0,"17":3},"b":{"0":[0,4],"1":[0],"2":[4,0],"3":[0,0],"4":[0,0],"5":[0,0],"6":[0],"7":[0,0],"8":[0,0],"9":[0,0],"10":[0,0],"11":[0,0],"12":[0,0],"13":[3,9],"14":[12,4],"15":[3,3],"16":[0,0],"17":[0,0],"18":[0,0],"19":[0,0]}}
,"/Users/nforleo/capstone/TrackGuessr/client/src/components/Gameplay/SortableItem.tsx": {"path":"/Users/nforleo/capstone/TrackGuessr/client/src/components/Gameplay/SortableItem.tsx","statementMap":{"0":{"start":{"line":1,"column":0},"end":{"line":1,"column":48}},"1":{"start":{"line":2,"column":0},"end":{"line":2,"column":41}},"2":{"start":{"line":3,"column":0},"end":{"line":3,"column":38}},"3":{"start":{"line":5,"column":0},"end":{"line":5,"column":39}},"4":{"start":{"line":11,"column":28},"end":{"line":36,"column":1}},"5":{"start":{"line":12,"column":9},"end":{"line":12,"column":null}},"6":{"start":{"line":14,"column":73},"end":{"line":14,"column":102}},"7":{"start":{"line":14,"column":22},"end":{"line":14,"column":24}},"8":{"start":{"line":14,"column":33},"end":{"line":14,"column":35}},"9":{"start":{"line":14,"column":45},"end":{"line":14,"column":47}},"10":{"start":{"line":14,"column":56},"end":{"line":14,"column":58}},"11":{"start":{"line":14,"column":68},"end":{"line":14,"column":73}},"12":{"start":{"line":16,"column":18},"end":{"line":21,"column":4}},"13":{"start":{"line":23,"column":2},"end":{"line":35,"column":4}},"14":{"start":{"line":11,"column":13},"end":{"line":11,"column":28}}},"fnMap":{"0":{"name":"(anonymous_2)","decl":{"start":{"line":11,"column":28},"end":{"line":11,"column":29}},"loc":{"start":{"line":13,"column":20},"end":{"line":36,"column":1}}}},"branchMap":{"0":{"loc":{"start":{"line":25,"column":7},"end":{"line":33,"column":37}},"type":"cond-expr","locations":[{"start":{"line":26,"column":8},"end":{"line":31,"column":null}},{"start":{"line":33,"column":11},"end":{"line":33,"column":36}}]}},"s":{"0":2,"1":2,"2":2,"3":2,"4":2,"5":3,"6":3,"7":3,"8":3,"9":3,"10":3,"11":3,"12":3,"13":3,"14":2},"f":{"0":3},"b":{"0":[3,0]}}
,"/Users/nforleo/capstone/TrackGuessr/client/src/components/Gameplay/assets/styles.module.css": {"path":"/Users/nforleo/capstone/TrackGuessr/client/src/components/Gameplay/assets/styles.module.css","statementMap":{"0":{"start":{"line":1,"column":13},"end":{"line":1,"column":46}},"1":{"start":{"line":3,"column":4},"end":{"line":24,"column":5}},"2":{"start":{"line":4,"column":8},"end":{"line":6,"column":11}},"3":{"start":{"line":7,"column":8},"end":{"line":18,"column":11}},"4":{"start":{"line":9,"column":16},"end":{"line":11,"column":17}},"5":{"start":{"line":10,"column":20},"end":{"line":10,"column":34}},"6":{"start":{"line":12,"column":16},"end":{"line":12,"column":36}},"7":{"start":{"line":16,"column":16},"end":{"line":16,"column":30}},"8":{"start":{"line":20,"column":8},"end":{"line":22,"column":11}},"9":{"start":{"line":23,"column":8},"end":{"line":23,"column":31}}},"fnMap":{"0":{"name":"(anonymous_0)","decl":{"start":{"line":8,"column":12},"end":{"line":8,"column":13}},"loc":{"start":{"line":8,"column":30},"end":{"line":13,"column":13}},"line":8},"1":{"name":"(anonymous_1)","decl":{"start":{"line":15,"column":12},"end":{"line":15,"column":13}},"loc":{"start":{"line":15,"column":29},"end":{"line":17,"column":13}},"line":15}},"branchMap":{"0":{"loc":{"start":{"line":3,"column":4},"end":{"line":24,"column":5}},"type":"if","locations":[{"start":{"line":3,"column":4},"end":{"line":24,"column":5}},{"start":{"line":19,"column":11},"end":{"line":24,"column":5}}],"line":3},"1":{"loc":{"start":{"line":3,"column":8},"end":{"line":3,"column":44}},"type":"binary-expr","locations":[{"start":{"line":3,"column":8},"end":{"line":3,"column":34}},{"start":{"line":3,"column":38},"end":{"line":3,"column":44}}],"line":3},"2":{"loc":{"start":{"line":9,"column":16},"end":{"line":11,"column":17}},"type":"if","locations":[{"start":{"line":9,"column":16},"end":{"line":11,"column":17}},{"start":{},"end":{}}],"line":9}},"s":{"0":2,"1":2,"2":2,"3":2,"4":5,"5":3,"6":2,"7":0,"8":0,"9":0},"f":{"0":5,"1":0},"b":{"0":[2,0],"1":[2,2],"2":[3,2]},"_coverageSchema":"1a1c01bbd47fc00a2c39e90264f33305004495a9","hash":"75c28b69dcc35ef4c9af92c29dbb945cc0896154"}
,"/Users/nforleo/capstone/TrackGuessr/client/src/components/Home/Home.tsx": {"path":"/Users/nforleo/capstone/TrackGuessr/client/src/components/Home/Home.tsx","statementMap":{"0":{"start":{"line":2,"column":0},"end":{"line":2,"column":48}},"1":{"start":{"line":3,"column":0},"end":{"line":3,"column":35}},"2":{"start":{"line":4,"column":0},"end":{"line":4,"column":40}},"3":{"start":{"line":12,"column":9},"end":{"line":12,"column":null}},"4":{"start":{"line":14,"column":20},"end":{"line":17,"column":5}},"5":{"start":{"line":15,"column":6},"end":{"line":15,"column":15}},"6":{"start":{"line":16,"column":6},"end":{"line":16,"column":20}},"7":{"start":{"line":18,"column":3},"end":{"line":35,"column":6}},"8":{"start":{"line":30,"column":12},"end":{"line":30,"column":null}},"9":{"start":{"line":38,"column":0},"end":{"line":38,"column":null}}},"fnMap":{"0":{"name":"Home","decl":{"start":{"line":11,"column":9},"end":{"line":11,"column":13}},"loc":{"start":{"line":13,"column":16},"end":{"line":36,"column":1}}},"1":{"name":"(anonymous_1)","decl":{"start":{"line":14,"column":20},"end":{"line":14,"column":null}},"loc":{"start":{"line":14,"column":20},"end":{"line":17,"column":5}}},"2":{"name":"(anonymous_2)","decl":{"start":{"line":29,"column":27},"end":{"line":29,"column":null}},"loc":{"start":{"line":29,"column":27},"end":{"line":31,"column":11}}}},"branchMap":{},"s":{"0":1,"1":1,"2":1,"3":7,"4":7,"5":0,"6":0,"7":7,"8":0,"9":1},"f":{"0":7,"1":0,"2":0},"b":{}}
,"/Users/nforleo/capstone/TrackGuessr/client/src/components/Stats/Stats.tsx": {"path":"/Users/nforleo/capstone/TrackGuessr/client/src/components/Stats/Stats.tsx","statementMap":{"0":{"start":{"line":5,"column":21},"end":{"line":8,"column":1}},"1":{"start":{"line":7,"column":4},"end":{"line":7,"column":null}},"2":{"start":{"line":5,"column":13},"end":{"line":5,"column":21}}},"fnMap":{"0":{"name":"(anonymous_0)","decl":{"start":{"line":5,"column":21},"end":{"line":5,"column":22}},"loc":{"start":{"line":6,"column":13},"end":{"line":8,"column":1}}}},"branchMap":{},"s":{"0":1,"1":1,"2":1},"f":{"0":1},"b":{}}
}
