TN:
SF:src/atoms/UserAtom.ts
FNF:0
FNH:0
DA:1,1
DA:4,1
LF:2
LH:2
BRF:0
BRH:0
end_of_record
TN:
SF:src/components/EndSplashScreen.tsx
FN:11,(anonymous_0)
FNF:1
FNH:1
FNDA:1,(anonymous_0)
DA:1,1
DA:3,1
DA:4,1
DA:5,1
DA:11,1
DA:12,1
DA:14,1
LF:7
LH:7
BRF:0
BRH:0
end_of_record
TN:
SF:src/components/Header.tsx
FN:1,(anonymous_0)
FNF:1
FNH:1
FNDA:1,(anonymous_0)
DA:1,1
DA:2,1
LF:2
LH:2
BRF:0
BRH:0
end_of_record
TN:
SF:src/components/Gameplay/BackCard.tsx
FN:9,(anonymous_0)
FNF:1
FNH:1
FNDA:251,(anonymous_0)
DA:2,1
DA:9,1
DA:10,251
DA:12,251
LF:4
LH:4
BRF:0
BRH:0
end_of_record
TN:
SF:src/components/Gameplay/Draggable.tsx
FN:12,(anonymous_2)
FNF:1
FNH:1
FNDA:251,(anonymous_2)
DA:1,1
DA:2,1
DA:5,1
DA:12,1
DA:13,251
DA:14,251
DA:17,251
DA:19,251
DA:30,251
DA:35,251
LF:10
LH:10
BRDA:30,0,0,0
BRDA:30,0,1,251
BRF:2
BRH:1
end_of_record
TN:
SF:src/components/Gameplay/Gameboard.tsx
FN:21,(anonymous_4)
FN:43,(anonymous_5)
FN:47,(anonymous_6)
FN:57,(anonymous_7)
FN:58,(anonymous_8)
FN:72,(anonymous_9)
FN:82,(anonymous_10)
FN:85,(anonymous_11)
FN:91,(anonymous_12)
FN:95,(anonymous_13)
FN:105,(anonymous_14)
FN:110,(anonymous_15)
FN:111,(anonymous_16)
FN:112,(anonymous_17)
FN:117,(anonymous_18)
FN:126,(anonymous_19)
FN:130,(anonymous_20)
FN:178,(anonymous_21)
FN:202,(anonymous_22)
FN:216,(anonymous_23)
FN:222,(anonymous_24)
FN:227,(anonymous_25)
FN:237,(anonymous_26)
FNF:23
FNH:9
FNDA:256,(anonymous_4)
FNDA:4,(anonymous_5)
FNDA:2,(anonymous_6)
FNDA:2,(anonymous_7)
FNDA:2,(anonymous_8)
FNDA:2,(anonymous_9)
FNDA:0,(anonymous_10)
FNDA:0,(anonymous_11)
FNDA:0,(anonymous_12)
FNDA:0,(anonymous_13)
FNDA:0,(anonymous_14)
FNDA:0,(anonymous_15)
FNDA:0,(anonymous_16)
FNDA:0,(anonymous_17)
FNDA:0,(anonymous_18)
FNDA:251,(anonymous_19)
FNDA:251,(anonymous_20)
FNDA:0,(anonymous_21)
FNDA:0,(anonymous_22)
FNDA:0,(anonymous_23)
FNDA:0,(anonymous_24)
FNDA:0,(anonymous_25)
FNDA:251,(anonymous_26)
DA:1,1
DA:2,1
DA:3,1
DA:4,1
DA:5,1
DA:6,1
DA:7,1
DA:9,1
DA:10,1
DA:11,1
DA:13,1
DA:14,1
DA:15,1
DA:21,1
DA:22,256
DA:24,255
DA:25,255
DA:26,255
DA:27,255
DA:28,255
DA:29,255
DA:30,255
DA:31,255
DA:36,255
DA:37,255
DA:38,255
DA:40,255
DA:41,255
DA:43,255
DA:44,4
DA:47,255
DA:48,2
DA:49,0
DA:53,0
DA:57,255
DA:58,2
DA:59,2
DA:60,2
DA:61,0
DA:63,2
DA:64,2
DA:65,2
DA:66,2
DA:67,2
DA:72,255
DA:73,2
DA:74,0
DA:75,0
DA:76,0
DA:77,0
DA:80,0
DA:82,0
DA:83,0
DA:85,0
DA:89,0
DA:91,0
DA:92,0
DA:95,0
DA:96,0
DA:100,0
DA:105,255
DA:106,0
DA:107,0
DA:108,0
DA:110,0
DA:111,0
DA:112,0
DA:113,0
DA:117,0
DA:118,0
DA:121,0
DA:126,255
DA:127,251
DA:130,255
DA:131,251
DA:134,255
DA:179,0
DA:202,0
DA:216,0
DA:223,0
DA:228,0
DA:237,251
LF:82
LH:50
BRDA:48,0,0,0
BRDA:60,1,0,0
BRDA:60,1,1,2
BRDA:73,2,0,0
BRDA:73,3,0,2
BRDA:73,3,1,0
BRDA:85,4,0,0
BRDA:85,4,1,0
BRDA:85,5,0,0
BRDA:85,5,1,0
BRDA:85,6,0,0
BRDA:85,6,1,0
BRDA:107,7,0,0
BRDA:107,8,0,0
BRDA:107,8,1,0
BRDA:107,9,0,0
BRDA:107,9,1,0
BRDA:107,10,0,0
BRDA:107,10,1,0
BRDA:108,11,0,0
BRDA:108,11,1,0
BRDA:108,12,0,0
BRDA:108,12,1,0
BRDA:108,13,0,0
BRDA:108,13,1,0
BRDA:127,14,0,251
BRDA:127,14,1,0
BRDA:131,15,0,251
BRDA:131,15,1,251
BRDA:136,16,0,0
BRDA:136,16,1,255
BRDA:138,17,0,251
BRDA:138,17,1,4
BRDA:138,18,0,255
BRDA:138,18,1,251
BRDA:139,19,0,251
BRDA:139,19,1,0
BRDA:171,20,0,251
BRDA:171,20,1,251
BRDA:173,21,0,251
BRDA:173,21,1,0
BRDA:204,22,0,0
BRDA:204,22,1,0
BRDA:223,23,0,0
BRDA:223,23,1,0
BRDA:223,24,0,0
BRDA:223,24,1,0
BRDA:228,25,0,0
BRDA:228,25,1,0
BRDA:228,26,0,0
BRDA:228,26,1,0
BRF:51
BRH:14
end_of_record
TN:
SF:src/components/Gameplay/GuessAttributesModal.tsx
FN:23,(anonymous_3)
FN:44,(anonymous_4)
FN:51,(anonymous_5)
FN:58,(anonymous_6)
FN:126,(anonymous_7)
FN:139,(anonymous_8)
FN:159,(anonymous_9)
FNF:7
FNH:0
FNDA:0,(anonymous_3)
FNDA:0,(anonymous_4)
FNDA:0,(anonymous_5)
FNDA:0,(anonymous_6)
FNDA:0,(anonymous_7)
FNDA:0,(anonymous_8)
FNDA:0,(anonymous_9)
DA:1,1
DA:2,1
DA:4,1
DA:7,1
DA:23,1
DA:24,0
DA:25,0
DA:26,0
DA:27,0
DA:28,0
DA:29,0
DA:30,0
DA:31,0
DA:32,0
DA:33,0
DA:36,0
DA:37,0
DA:38,0
DA:44,0
DA:45,0
DA:51,0
DA:52,0
DA:58,0
DA:59,0
DA:65,0
DA:126,0
DA:140,0
DA:159,0
LF:28
LH:5
BRDA:80,0,0,0
BRDA:80,0,1,0
BRDA:82,1,0,0
BRDA:82,1,1,0
BRDA:97,2,0,0
BRDA:97,2,1,0
BRDA:99,3,0,0
BRDA:99,3,1,0
BRDA:114,4,0,0
BRDA:114,4,1,0
BRDA:116,5,0,0
BRDA:116,5,1,0
BRDA:137,6,0,0
BRDA:137,6,1,0
BRDA:157,7,0,0
BRDA:157,7,1,0
BRF:16
BRH:0
end_of_record
TN:
SF:src/components/Gameplay/SortableItem.tsx
FN:11,(anonymous_2)
FNF:1
FNH:1
FNDA:251,(anonymous_2)
DA:1,1
DA:2,1
DA:3,1
DA:5,1
DA:11,1
DA:12,251
DA:14,251
DA:16,251
DA:23,251
LF:9
LH:9
BRDA:25,0,0,251
BRDA:25,0,1,0
BRF:2
BRH:1
end_of_record
TN:
SF:src/components/Gameplay/assets/styles.module.css
FN:8,(anonymous_0)
FN:15,(anonymous_1)
FNF:2
FNH:1
FNDA:504,(anonymous_0)
FNDA:0,(anonymous_1)
DA:1,1
DA:3,1
DA:4,1
DA:7,1
DA:9,504
DA:10,502
DA:12,2
DA:16,0
DA:20,0
DA:23,0
LF:10
LH:7
BRDA:3,0,0,1
BRDA:3,0,1,0
BRDA:3,1,0,1
BRDA:3,1,1,1
BRDA:9,2,0,502
BRDA:9,2,1,2
BRF:6
BRH:5
end_of_record
TN:
SF:src/components/Gameplay/utils/logic.ts
FN:7,(anonymous_2)
FN:12,(anonymous_3)
FN:13,(anonymous_4)
FN:20,(anonymous_5)
FN:21,(anonymous_6)
FN:28,(anonymous_7)
FN:39,(anonymous_8)
FN:56,(anonymous_9)
FN:69,(anonymous_10)
FN:85,(anonymous_11)
FN:116,(anonymous_12)
FN:153,(anonymous_13)
FN:160,(anonymous_14)
FN:170,(anonymous_15)
FN:179,(anonymous_16)
FN:189,(anonymous_17)
FN:207,(anonymous_18)
FN:214,(anonymous_19)
FN:215,(anonymous_20)
FN:221,(anonymous_21)
FN:224,(anonymous_22)
FNF:21
FNH:5
FNDA:0,(anonymous_2)
FNDA:0,(anonymous_3)
FNDA:0,(anonymous_4)
FNDA:0,(anonymous_5)
FNDA:0,(anonymous_6)
FNDA:0,(anonymous_7)
FNDA:0,(anonymous_8)
FNDA:0,(anonymous_9)
FNDA:0,(anonymous_10)
FNDA:0,(anonymous_11)
FNDA:0,(anonymous_12)
FNDA:0,(anonymous_13)
FNDA:0,(anonymous_14)
FNDA:0,(anonymous_15)
FNDA:251,(anonymous_16)
FNDA:0,(anonymous_17)
FNDA:4,(anonymous_18)
FNDA:503,(anonymous_19)
FNDA:251,(anonymous_20)
FNDA:0,(anonymous_21)
FNDA:252,(anonymous_22)
DA:7,1
DA:8,0
DA:9,0
DA:12,1
DA:13,0
DA:20,1
DA:21,0
DA:22,0
DA:28,1
DA:39,0
DA:42,0
DA:43,0
DA:45,0
DA:46,0
DA:56,1
DA:69,0
DA:70,0
DA:71,0
DA:73,0
DA:75,0
DA:77,0
DA:79,0
DA:85,1
DA:89,0
DA:98,0
DA:99,0
DA:100,0
DA:103,0
DA:104,0
DA:105,0
DA:108,0
DA:109,0
DA:110,0
DA:113,0
DA:116,1
DA:129,0
DA:130,0
DA:133,0
DA:138,0
DA:141,0
DA:144,0
DA:147,0
DA:150,0
DA:153,1
DA:154,0
DA:160,1
DA:168,0
DA:170,0
DA:171,0
DA:174,0
DA:176,0
DA:179,1
DA:180,251
DA:181,0
DA:182,251
DA:183,0
DA:186,251
DA:189,1
DA:198,0
DA:201,0
DA:204,0
DA:207,1
DA:213,4
DA:214,2
DA:215,503
DA:217,2
DA:218,2
DA:221,4
DA:224,1
DA:225,252
LF:70
LH:23
BRDA:13,0,0,0
BRDA:13,0,1,0
BRDA:13,1,0,0
BRDA:13,1,1,0
BRDA:13,2,0,0
BRDA:13,2,1,0
BRDA:22,3,0,0
BRDA:22,3,1,0
BRDA:22,4,0,0
BRDA:22,4,1,0
BRDA:22,5,0,0
BRDA:22,5,1,0
BRDA:45,6,0,0
BRDA:69,7,0,0
BRDA:69,7,1,0
BRDA:69,8,0,0
BRDA:69,8,1,0
BRDA:77,9,0,0
BRDA:77,9,1,0
BRDA:98,10,0,0
BRDA:98,11,0,0
BRDA:98,11,1,0
BRDA:98,12,0,0
BRDA:98,12,1,0
BRDA:98,13,0,0
BRDA:98,13,1,0
BRDA:98,14,0,0
BRDA:98,14,1,0
BRDA:103,15,0,0
BRDA:103,16,0,0
BRDA:103,16,1,0
BRDA:103,17,0,0
BRDA:103,17,1,0
BRDA:103,18,0,0
BRDA:103,18,1,0
BRDA:103,19,0,0
BRDA:103,19,1,0
BRDA:108,20,0,0
BRDA:108,21,0,0
BRDA:108,21,1,0
BRDA:108,22,0,0
BRDA:108,22,1,0
BRDA:108,23,0,0
BRDA:108,23,1,0
BRDA:108,24,0,0
BRDA:108,24,1,0
BRDA:150,25,0,0
BRDA:150,25,1,0
BRDA:150,25,2,0
BRDA:180,26,0,0
BRDA:180,26,1,251
BRDA:182,27,0,0
BRDA:204,28,0,0
BRDA:204,28,1,0
BRDA:204,28,2,0
BRDA:213,29,0,2
BRDA:213,29,1,2
BRDA:217,30,0,2
BRF:58
BRH:4
end_of_record
