TN:
SF:src/components/Gameplay/GuessAttributesModal.tsx
FN:19,(anonymous_3)
FN:36,(anonymous_4)
FN:43,(anonymous_5)
FN:50,(anonymous_6)
FN:118,(anonymous_7)
FN:124,(anonymous_8)
FN:140,(anonymous_9)
FNF:7
FNH:6
FNDA:9,(anonymous_3)
FNDA:1,(anonymous_4)
FNDA:1,(anonymous_5)
FNDA:1,(anonymous_6)
FNDA:0,(anonymous_7)
FNDA:3,(anonymous_8)
FNDA:3,(anonymous_9)
DA:1,1
DA:2,1
DA:4,1
DA:7,1
DA:19,1
DA:20,9
DA:21,9
DA:22,9
DA:23,9
DA:24,9
DA:25,9
DA:28,9
DA:29,9
DA:30,9
DA:36,9
DA:37,1
DA:43,9
DA:44,1
DA:50,9
DA:51,1
DA:57,9
DA:118,0
DA:125,3
DA:140,3
LF:24
LH:23
BRDA:72,0,0,1
BRDA:72,0,1,8
BRDA:74,1,0,1
BRDA:74,1,1,7
BRDA:89,2,0,1
BRDA:89,2,1,8
BRDA:91,3,0,1
BRDA:91,3,1,7
BRDA:106,4,0,1
BRDA:106,4,1,8
BRDA:108,5,0,2
BRDA:108,5,1,6
BRDA:122,6,0,9
BRDA:122,6,1,6
BRDA:138,7,0,9
BRDA:138,7,1,3
BRF:16
BRH:16
end_of_record
TN:
SF:src/components/Gameplay/assets/styles.module.css
FN:8,(anonymous_0)
FN:15,(anonymous_1)
FNF:2
FNH:1
FNDA:28,(anonymous_0)
FNDA:0,(anonymous_1)
DA:1,1
DA:3,1
DA:4,1
DA:7,1
DA:9,28
DA:10,27
DA:12,1
DA:16,0
DA:20,0
DA:23,0
LF:10
LH:7
BRDA:3,0,0,1
BRDA:3,0,1,0
BRDA:3,1,0,1
BRDA:3,1,1,1
BRDA:9,2,0,27
BRDA:9,2,1,1
BRF:6
BRH:5
end_of_record
TN:
SF:src/components/Gameplay/utils/logic.ts
FN:6,(anonymous_2)
FN:11,(anonymous_3)
FN:12,(anonymous_4)
FN:19,(anonymous_5)
FN:20,(anonymous_6)
FN:27,(anonymous_7)
FN:35,(anonymous_8)
FN:46,(anonymous_9)
FN:54,(anonymous_10)
FN:63,(anonymous_11)
FN:94,(anonymous_12)
FN:124,(anonymous_13)
FNF:12
FNH:3
FNDA:0,(anonymous_2)
FNDA:0,(anonymous_3)
FNDA:0,(anonymous_4)
FNDA:0,(anonymous_5)
FNDA:0,(anonymous_6)
FNDA:0,(anonymous_7)
FNDA:0,(anonymous_8)
FNDA:0,(anonymous_9)
FNDA:0,(anonymous_10)
FNDA:3,(anonymous_11)
FNDA:3,(anonymous_12)
FNDA:3,(anonymous_13)
DA:6,1
DA:7,0
DA:8,0
DA:11,1
DA:12,0
DA:19,1
DA:20,0
DA:21,0
DA:27,1
DA:35,0
DA:38,0
DA:39,0
DA:41,0
DA:42,0
DA:46,1
DA:54,0
DA:55,0
DA:56,0
DA:58,0
DA:60,0
DA:63,1
DA:67,3
DA:76,3
DA:77,1
DA:78,1
DA:81,3
DA:82,1
DA:83,1
DA:86,3
DA:87,1
DA:88,1
DA:91,3
DA:94,1
DA:103,3
DA:104,3
DA:107,3
DA:112,3
DA:115,3
DA:118,3
DA:121,3
DA:124,1
DA:125,3
LF:42
LH:27
BRDA:12,0,0,0
BRDA:12,0,1,0
BRDA:12,1,0,0
BRDA:12,1,1,0
BRDA:12,2,0,0
BRDA:12,2,1,0
BRDA:21,3,0,0
BRDA:21,3,1,0
BRDA:21,4,0,0
BRDA:21,4,1,0
BRDA:21,5,0,0
BRDA:21,5,1,0
BRDA:41,6,0,0
BRDA:54,7,0,0
BRDA:54,7,1,0
BRDA:54,8,0,0
BRDA:54,8,1,0
BRDA:76,9,0,1
BRDA:76,10,0,0
BRDA:76,10,1,3
BRDA:76,11,0,3
BRDA:76,11,1,3
BRDA:76,12,0,0
BRDA:76,12,1,3
BRDA:76,13,0,3
BRDA:76,13,1,3
BRDA:81,14,0,1
BRDA:81,15,0,0
BRDA:81,15,1,3
BRDA:81,16,0,3
BRDA:81,16,1,3
BRDA:81,17,0,0
BRDA:81,17,1,3
BRDA:81,18,0,3
BRDA:81,18,1,3
BRDA:86,19,0,1
BRDA:86,20,0,0
BRDA:86,20,1,3
BRDA:86,21,0,3
BRDA:86,21,1,3
BRDA:86,22,0,0
BRDA:86,22,1,3
BRDA:86,23,0,3
BRDA:86,23,1,3
BRF:44
BRH:21
end_of_record
